{
"contracts\\access\\DFY-AccessControl.sol":{"l":{"30":0,"32":0,"36":0,"37":0,"38":0,"41":0,"51":0,"53":0,"54":0,"56":0},"path":"D:\\nft-marketplace-dev\\nft-marketplace\\contracts\\access\\DFY-AccessControl.sol","s":{"1":0,"2":0,"3":0,"4":0,"5":0,"6":0,"7":0,"8":0,"9":0,"10":0},"b":{"1":[0,0]},"f":{"1":0,"2":0,"3":0},"fnMap":{"1":{"name":"__DFYAccessControl_init","line":29,"loc":{"start":{"line":29,"column":4},"end":{"line":33,"column":4}}},"2":{"name":"__DFYAccessControl_init_unchained","line":35,"loc":{"start":{"line":35,"column":4},"end":{"line":42,"column":4}}},"3":{"name":"changeContractAdmin","line":49,"loc":{"start":{"line":49,"column":4},"end":{"line":57,"column":4}}}},"statementMap":{"1":{"start":{"line":30,"column":8},"end":{"line":30,"column":29}},"2":{"start":{"line":32,"column":8},"end":{"line":32,"column":42}},"3":{"start":{"line":36,"column":8},"end":{"line":36,"column":49}},"4":{"start":{"line":37,"column":8},"end":{"line":37,"column":42}},"5":{"start":{"line":38,"column":8},"end":{"line":38,"column":44}},"6":{"start":{"line":41,"column":8},"end":{"line":41,"column":51}},"7":{"start":{"line":51,"column":8},"end":{"line":51,"column":74}},"8":{"start":{"line":53,"column":8},"end":{"line":53,"column":46}},"9":{"start":{"line":54,"column":8},"end":{"line":54,"column":53}},"10":{"start":{"line":56,"column":8},"end":{"line":56,"column":57}}},"branchMap":{"1":{"line":51,"type":"if","locations":[{"start":{"line":51,"column":8},"end":{"line":51,"column":8}},{"start":{"line":51,"column":8},"end":{"line":51,"column":8}}]}}},
"contracts\\auction\\AuctionNFT.sol":{"l":{"24":0,"35":0,"41":0,"56":0,"61":0,"65":0,"72":0,"74":0,"80":0,"86":0,"93":0,"95":0,"96":0,"97":0,"98":0,"99":0,"100":0,"101":0,"102":0,"103":0,"104":0,"105":0,"106":0,"107":0,"109":0,"112":0,"118":0,"131":0,"132":0,"138":0,"143":0,"144":0,"146":0,"153":0,"156":0,"165":0,"166":0,"170":0,"174":0,"178":0,"184":0,"185":0,"187":0,"190":0,"199":0,"200":0,"201":0,"210":0,"212":0,"217":0,"222":0,"224":0,"229":0,"231":0,"238":0,"239":0,"243":0,"244":0,"251":0,"254":0,"255":0,"257":0,"260":0,"268":0,"269":0,"272":0,"276":0,"279":0,"286":0,"302":0,"308":0,"318":0,"319":0,"324":0,"326":0,"330":0,"338":0,"345":0,"347":0,"357":0,"365":0,"372":0,"388":0,"389":0,"394":0,"400":0,"409":0,"410":0,"413":0,"415":0,"417":0,"423":0,"425":0,"434":0,"441":0,"449":0,"457":0,"459":0,"473":0,"475":0,"479":0,"490":0,"496":0,"497":0,"509":0,"512":0,"515":0,"517":0,"531":0,"535":0,"538":0},"path":"D:\\nft-marketplace-dev\\nft-marketplace\\contracts\\auction\\AuctionNFT.sol","s":{"1":0,"2":0,"3":0,"4":0,"5":0,"6":0,"7":0,"8":0,"9":0,"10":0,"11":0,"12":0,"13":0,"14":0,"15":0,"16":0,"17":0,"18":0,"19":0,"20":0,"21":0,"22":0,"23":0,"24":0,"25":0,"26":0,"27":0,"28":0,"29":0,"30":0,"31":0,"32":0,"33":0,"34":0,"35":0,"36":0,"37":0,"38":0,"39":0,"40":0,"41":0,"42":0,"43":0,"44":0,"45":0,"46":0,"47":0,"48":0,"49":0,"50":0,"51":0,"52":0,"53":0,"54":0,"55":0,"56":0,"57":0,"58":0,"59":0,"60":0,"61":0,"62":0,"63":0,"64":0,"65":0,"66":0,"67":0,"68":0,"69":0,"70":0,"71":0,"72":0,"73":0,"74":0,"75":0,"76":0,"77":0,"78":0,"79":0,"80":0,"81":0,"82":0,"83":0,"84":0,"85":0,"86":0,"87":0,"88":0,"89":0,"90":0,"91":0,"92":0,"93":0,"94":0,"95":0,"96":0,"97":0,"98":0,"99":0,"100":0,"101":0,"102":0,"103":0,"104":0,"105":0,"106":0,"107":0,"108":0,"109":0,"110":0,"111":0},"b":{"1":[0,0],"2":[0,0],"3":[0,0],"4":[0,0],"5":[0,0],"6":[0,0],"7":[0,0],"8":[0,0],"9":[0,0],"10":[0,0],"11":[0,0],"12":[0,0],"13":[0,0],"14":[0,0],"15":[0,0],"16":[0,0],"17":[0,0],"18":[0,0],"19":[0,0],"20":[0,0],"21":[0,0],"22":[0,0],"23":[0,0],"24":[0,0],"25":[0,0],"26":[0,0],"27":[0,0],"28":[0,0],"29":[0,0],"30":[0,0],"31":[0,0],"32":[0,0],"33":[0,0],"34":[0,0],"35":[0,0],"36":[0,0],"37":[0,0],"38":[0,0]},"f":{"1":0,"2":0,"3":0,"4":0,"5":0,"6":0,"7":0,"8":0,"9":0,"10":0,"11":0,"12":0},"fnMap":{"1":{"name":"initialize","line":23,"loc":{"start":{"line":23,"column":4},"end":{"line":25,"column":4}}},"2":{"name":"supportsInterface","line":29,"loc":{"start":{"line":29,"column":4},"end":{"line":38,"column":4}}},"3":{"name":"signature","line":40,"loc":{"start":{"line":40,"column":4},"end":{"line":42,"column":4}}},"4":{"name":"putOnAuction","line":54,"loc":{"start":{"line":45,"column":4},"end":{"line":123,"column":4}}},"5":{"name":"approveAuction","line":129,"loc":{"start":{"line":125,"column":4},"end":{"line":157,"column":4}}},"6":{"name":"buyOut","line":163,"loc":{"start":{"line":159,"column":4},"end":{"line":202,"column":4}}},"7":{"name":"bid","line":208,"loc":{"start":{"line":204,"column":4},"end":{"line":296,"column":4}}},"8":{"name":"_buyOut","line":300,"loc":{"start":{"line":298,"column":4},"end":{"line":379,"column":4}}},"9":{"name":"finishAuction","line":386,"loc":{"start":{"line":381,"column":4},"end":{"line":466,"column":4}}},"10":{"name":"cancelAuction","line":471,"loc":{"start":{"line":468,"column":4},"end":{"line":498,"column":4}}},"11":{"name":"_calculateAuctionFees","line":500,"loc":{"start":{"line":500,"column":4},"end":{"line":523,"column":4}}},"12":{"name":"_isTokenOnSales","line":525,"loc":{"start":{"line":525,"column":4},"end":{"line":542,"column":4}}}},"statementMap":{"1":{"start":{"line":24,"column":8},"end":{"line":24,"column":32}},"2":{"start":{"line":35,"column":8},"end":{"line":35,"column":1347}},"3":{"start":{"line":41,"column":8},"end":{"line":41,"column":44}},"4":{"start":{"line":56,"column":8},"end":{"line":56,"column":2024}},"5":{"start":{"line":61,"column":8},"end":{"line":61,"column":2158}},"6":{"start":{"line":65,"column":8},"end":{"line":65,"column":2299}},"7":{"start":{"line":72,"column":8},"end":{"line":72,"column":50}},"8":{"start":{"line":74,"column":8},"end":{"line":74,"column":2574}},"9":{"start":{"line":80,"column":8},"end":{"line":80,"column":2766}},"10":{"start":{"line":86,"column":8},"end":{"line":86,"column":2957}},"11":{"start":{"line":93,"column":8},"end":{"line":93,"column":55}},"12":{"start":{"line":95,"column":8},"end":{"line":95,"column":68}},"13":{"start":{"line":96,"column":8},"end":{"line":96,"column":52}},"14":{"start":{"line":97,"column":8},"end":{"line":97,"column":72}},"15":{"start":{"line":98,"column":8},"end":{"line":98,"column":55}},"16":{"start":{"line":99,"column":8},"end":{"line":99,"column":64}},"17":{"start":{"line":100,"column":8},"end":{"line":100,"column":60}},"18":{"start":{"line":101,"column":8},"end":{"line":101,"column":56}},"19":{"start":{"line":102,"column":8},"end":{"line":102,"column":54}},"20":{"start":{"line":103,"column":8},"end":{"line":103,"column":56}},"21":{"start":{"line":104,"column":8},"end":{"line":104,"column":52}},"22":{"start":{"line":105,"column":8},"end":{"line":105,"column":35}},"23":{"start":{"line":106,"column":8},"end":{"line":106,"column":42}},"24":{"start":{"line":107,"column":8},"end":{"line":107,"column":53}},"25":{"start":{"line":109,"column":8},"end":{"line":109,"column":36}},"26":{"start":{"line":112,"column":8},"end":{"line":112,"column":4079}},"27":{"start":{"line":118,"column":8},"end":{"line":118,"column":4230}},"28":{"start":{"line":131,"column":8},"end":{"line":131,"column":68}},"29":{"start":{"line":132,"column":8},"end":{"line":132,"column":4622}},"30":{"start":{"line":138,"column":8},"end":{"line":138,"column":4789}},"31":{"start":{"line":143,"column":8},"end":{"line":143,"column":4923}},"32":{"start":{"line":144,"column":12},"end":{"line":144,"column":58}},"33":{"start":{"line":146,"column":12},"end":{"line":146,"column":5092}},"34":{"start":{"line":153,"column":12},"end":{"line":153,"column":58}},"35":{"start":{"line":156,"column":8},"end":{"line":156,"column":72}},"36":{"start":{"line":165,"column":8},"end":{"line":165,"column":68}},"37":{"start":{"line":166,"column":8},"end":{"line":166,"column":5738}},"38":{"start":{"line":170,"column":8},"end":{"line":170,"column":5870}},"39":{"start":{"line":174,"column":8},"end":{"line":174,"column":5996}},"40":{"start":{"line":178,"column":8},"end":{"line":178,"column":6135}},"41":{"start":{"line":184,"column":8},"end":{"line":184,"column":55}},"42":{"start":{"line":185,"column":8},"end":{"line":185,"column":59}},"43":{"start":{"line":187,"column":8},"end":{"line":187,"column":6449}},"44":{"start":{"line":190,"column":12},"end":{"line":190,"column":6606}},"45":{"start":{"line":199,"column":8},"end":{"line":199,"column":44}},"46":{"start":{"line":200,"column":8},"end":{"line":200,"column":73}},"47":{"start":{"line":201,"column":8},"end":{"line":201,"column":42}},"48":{"start":{"line":210,"column":8},"end":{"line":210,"column":68}},"49":{"start":{"line":212,"column":8},"end":{"line":212,"column":7294}},"50":{"start":{"line":217,"column":8},"end":{"line":217,"column":7427}},"51":{"start":{"line":222,"column":8},"end":{"line":222,"column":78}},"52":{"start":{"line":224,"column":8},"end":{"line":224,"column":7640}},"53":{"start":{"line":229,"column":8},"end":{"line":229,"column":7769}},"54":{"start":{"line":231,"column":12},"end":{"line":231,"column":7917}},"55":{"start":{"line":238,"column":8},"end":{"line":238,"column":8118}},"56":{"start":{"line":239,"column":12},"end":{"line":239,"column":61}},"57":{"start":{"line":243,"column":8},"end":{"line":243,"column":8295}},"58":{"start":{"line":244,"column":12},"end":{"line":244,"column":8361}},"59":{"start":{"line":251,"column":12},"end":{"line":251,"column":78}},"60":{"start":{"line":254,"column":8},"end":{"line":254,"column":55}},"61":{"start":{"line":255,"column":8},"end":{"line":255,"column":59}},"62":{"start":{"line":257,"column":8},"end":{"line":257,"column":8808}},"63":{"start":{"line":260,"column":12},"end":{"line":260,"column":8965}},"64":{"start":{"line":268,"column":8},"end":{"line":268,"column":44}},"65":{"start":{"line":269,"column":8},"end":{"line":269,"column":42}},"66":{"start":{"line":272,"column":8},"end":{"line":272,"column":9338}},"67":{"start":{"line":276,"column":12},"end":{"line":276,"column":46}},"68":{"start":{"line":279,"column":12},"end":{"line":279,"column":9608}},"69":{"start":{"line":286,"column":12},"end":{"line":286,"column":9808}},"70":{"start":{"line":302,"column":8},"end":{"line":302,"column":10345}},"71":{"start":{"line":308,"column":8},"end":{"line":308,"column":10470}},"72":{"start":{"line":318,"column":8},"end":{"line":318,"column":57}},"73":{"start":{"line":319,"column":8},"end":{"line":319,"column":10940}},"74":{"start":{"line":324,"column":8},"end":{"line":324,"column":23}},"75":{"start":{"line":326,"column":8},"end":{"line":326,"column":53}},"76":{"start":{"line":330,"column":8},"end":{"line":330,"column":11298}},"77":{"start":{"line":338,"column":8},"end":{"line":338,"column":11548}},"78":{"start":{"line":345,"column":8},"end":{"line":345,"column":11726}},"79":{"start":{"line":347,"column":12},"end":{"line":347,"column":11840}},"80":{"start":{"line":357,"column":8},"end":{"line":357,"column":12221}},"81":{"start":{"line":365,"column":8},"end":{"line":365,"column":12463}},"82":{"start":{"line":372,"column":8},"end":{"line":372,"column":12694}},"83":{"start":{"line":388,"column":8},"end":{"line":388,"column":68}},"84":{"start":{"line":389,"column":8},"end":{"line":389,"column":13149}},"85":{"start":{"line":394,"column":8},"end":{"line":394,"column":13335}},"86":{"start":{"line":400,"column":8},"end":{"line":400,"column":13460}},"87":{"start":{"line":409,"column":8},"end":{"line":409,"column":57}},"88":{"start":{"line":410,"column":8},"end":{"line":410,"column":13879}},"89":{"start":{"line":413,"column":8},"end":{"line":413,"column":23}},"90":{"start":{"line":415,"column":8},"end":{"line":415,"column":14012}},"91":{"start":{"line":417,"column":12},"end":{"line":417,"column":14123}},"92":{"start":{"line":423,"column":12},"end":{"line":423,"column":14324}},"93":{"start":{"line":425,"column":16},"end":{"line":425,"column":14446}},"94":{"start":{"line":434,"column":12},"end":{"line":434,"column":14863}},"95":{"start":{"line":441,"column":12},"end":{"line":441,"column":15133}},"96":{"start":{"line":449,"column":12},"end":{"line":449,"column":15458}},"97":{"start":{"line":457,"column":8},"end":{"line":457,"column":54}},"98":{"start":{"line":459,"column":8},"end":{"line":459,"column":15799}},"99":{"start":{"line":473,"column":8},"end":{"line":473,"column":68}},"100":{"start":{"line":475,"column":8},"end":{"line":475,"column":16213}},"101":{"start":{"line":479,"column":8},"end":{"line":479,"column":16358}},"102":{"start":{"line":490,"column":8},"end":{"line":490,"column":16805}},"103":{"start":{"line":496,"column":8},"end":{"line":496,"column":55}},"104":{"start":{"line":497,"column":8},"end":{"line":497,"column":67}},"105":{"start":{"line":509,"column":8},"end":{"line":509,"column":21}},"106":{"start":{"line":512,"column":8},"end":{"line":512,"column":76}},"107":{"start":{"line":515,"column":8},"end":{"line":515,"column":17788}},"108":{"start":{"line":517,"column":12},"end":{"line":517,"column":17915}},"109":{"start":{"line":531,"column":8},"end":{"line":531,"column":18325}},"110":{"start":{"line":535,"column":8},"end":{"line":535,"column":67}},"111":{"start":{"line":538,"column":8},"end":{"line":538,"column":18568}}},"branchMap":{"1":{"line":56,"type":"if","locations":[{"start":{"line":56,"column":8},"end":{"line":56,"column":8}},{"start":{"line":56,"column":8},"end":{"line":56,"column":8}}]},"2":{"line":61,"type":"if","locations":[{"start":{"line":61,"column":8},"end":{"line":61,"column":8}},{"start":{"line":61,"column":8},"end":{"line":61,"column":8}}]},"3":{"line":65,"type":"if","locations":[{"start":{"line":65,"column":8},"end":{"line":65,"column":8}},{"start":{"line":65,"column":8},"end":{"line":65,"column":8}}]},"4":{"line":72,"type":"if","locations":[{"start":{"line":72,"column":8},"end":{"line":72,"column":8}},{"start":{"line":72,"column":8},"end":{"line":72,"column":8}}]},"5":{"line":74,"type":"if","locations":[{"start":{"line":74,"column":8},"end":{"line":74,"column":8}},{"start":{"line":74,"column":8},"end":{"line":74,"column":8}}]},"6":{"line":80,"type":"if","locations":[{"start":{"line":80,"column":8},"end":{"line":80,"column":8}},{"start":{"line":80,"column":8},"end":{"line":80,"column":8}}]},"7":{"line":86,"type":"if","locations":[{"start":{"line":86,"column":8},"end":{"line":86,"column":8}},{"start":{"line":86,"column":8},"end":{"line":86,"column":8}}]},"8":{"line":132,"type":"if","locations":[{"start":{"line":132,"column":8},"end":{"line":132,"column":8}},{"start":{"line":132,"column":8},"end":{"line":132,"column":8}}]},"9":{"line":138,"type":"if","locations":[{"start":{"line":138,"column":8},"end":{"line":138,"column":8}},{"start":{"line":138,"column":8},"end":{"line":138,"column":8}}]},"10":{"line":143,"type":"if","locations":[{"start":{"line":143,"column":8},"end":{"line":143,"column":8}},{"start":{"line":143,"column":8},"end":{"line":143,"column":8}}]},"11":{"line":166,"type":"if","locations":[{"start":{"line":166,"column":8},"end":{"line":166,"column":8}},{"start":{"line":166,"column":8},"end":{"line":166,"column":8}}]},"12":{"line":170,"type":"if","locations":[{"start":{"line":170,"column":8},"end":{"line":170,"column":8}},{"start":{"line":170,"column":8},"end":{"line":170,"column":8}}]},"13":{"line":174,"type":"if","locations":[{"start":{"line":174,"column":8},"end":{"line":174,"column":8}},{"start":{"line":174,"column":8},"end":{"line":174,"column":8}}]},"14":{"line":178,"type":"if","locations":[{"start":{"line":178,"column":8},"end":{"line":178,"column":8}},{"start":{"line":178,"column":8},"end":{"line":178,"column":8}}]},"15":{"line":187,"type":"if","locations":[{"start":{"line":187,"column":8},"end":{"line":187,"column":8}},{"start":{"line":187,"column":8},"end":{"line":187,"column":8}}]},"16":{"line":212,"type":"if","locations":[{"start":{"line":212,"column":8},"end":{"line":212,"column":8}},{"start":{"line":212,"column":8},"end":{"line":212,"column":8}}]},"17":{"line":217,"type":"if","locations":[{"start":{"line":217,"column":8},"end":{"line":217,"column":8}},{"start":{"line":217,"column":8},"end":{"line":217,"column":8}}]},"18":{"line":222,"type":"if","locations":[{"start":{"line":222,"column":8},"end":{"line":222,"column":8}},{"start":{"line":222,"column":8},"end":{"line":222,"column":8}}]},"19":{"line":224,"type":"if","locations":[{"start":{"line":224,"column":8},"end":{"line":224,"column":8}},{"start":{"line":224,"column":8},"end":{"line":224,"column":8}}]},"20":{"line":229,"type":"if","locations":[{"start":{"line":229,"column":8},"end":{"line":229,"column":8}},{"start":{"line":229,"column":8},"end":{"line":229,"column":8}}]},"21":{"line":231,"type":"if","locations":[{"start":{"line":231,"column":12},"end":{"line":231,"column":12}},{"start":{"line":231,"column":12},"end":{"line":231,"column":12}}]},"22":{"line":238,"type":"if","locations":[{"start":{"line":238,"column":8},"end":{"line":238,"column":8}},{"start":{"line":238,"column":8},"end":{"line":238,"column":8}}]},"23":{"line":239,"type":"if","locations":[{"start":{"line":239,"column":12},"end":{"line":239,"column":12}},{"start":{"line":239,"column":12},"end":{"line":239,"column":12}}]},"24":{"line":243,"type":"if","locations":[{"start":{"line":243,"column":8},"end":{"line":243,"column":8}},{"start":{"line":243,"column":8},"end":{"line":243,"column":8}}]},"25":{"line":244,"type":"if","locations":[{"start":{"line":244,"column":12},"end":{"line":244,"column":12}},{"start":{"line":244,"column":12},"end":{"line":244,"column":12}}]},"26":{"line":251,"type":"if","locations":[{"start":{"line":251,"column":12},"end":{"line":251,"column":12}},{"start":{"line":251,"column":12},"end":{"line":251,"column":12}}]},"27":{"line":257,"type":"if","locations":[{"start":{"line":257,"column":8},"end":{"line":257,"column":8}},{"start":{"line":257,"column":8},"end":{"line":257,"column":8}}]},"28":{"line":272,"type":"if","locations":[{"start":{"line":272,"column":8},"end":{"line":272,"column":8}},{"start":{"line":272,"column":8},"end":{"line":272,"column":8}}]},"29":{"line":324,"type":"if","locations":[{"start":{"line":324,"column":8},"end":{"line":324,"column":8}},{"start":{"line":324,"column":8},"end":{"line":324,"column":8}}]},"30":{"line":345,"type":"if","locations":[{"start":{"line":345,"column":8},"end":{"line":345,"column":8}},{"start":{"line":345,"column":8},"end":{"line":345,"column":8}}]},"31":{"line":389,"type":"if","locations":[{"start":{"line":389,"column":8},"end":{"line":389,"column":8}},{"start":{"line":389,"column":8},"end":{"line":389,"column":8}}]},"32":{"line":413,"type":"if","locations":[{"start":{"line":413,"column":8},"end":{"line":413,"column":8}},{"start":{"line":413,"column":8},"end":{"line":413,"column":8}}]},"33":{"line":415,"type":"if","locations":[{"start":{"line":415,"column":8},"end":{"line":415,"column":8}},{"start":{"line":415,"column":8},"end":{"line":415,"column":8}}]},"34":{"line":423,"type":"if","locations":[{"start":{"line":423,"column":12},"end":{"line":423,"column":12}},{"start":{"line":423,"column":12},"end":{"line":423,"column":12}}]},"35":{"line":475,"type":"if","locations":[{"start":{"line":475,"column":8},"end":{"line":475,"column":8}},{"start":{"line":475,"column":8},"end":{"line":475,"column":8}}]},"36":{"line":479,"type":"if","locations":[{"start":{"line":479,"column":8},"end":{"line":479,"column":8}},{"start":{"line":479,"column":8},"end":{"line":479,"column":8}}]},"37":{"line":515,"type":"if","locations":[{"start":{"line":515,"column":8},"end":{"line":515,"column":8}},{"start":{"line":515,"column":8},"end":{"line":515,"column":8}}]},"38":{"line":535,"type":"if","locations":[{"start":{"line":535,"column":8},"end":{"line":535,"column":8}},{"start":{"line":535,"column":8},"end":{"line":535,"column":8}}]}}},
"contracts\\auction\\IAuctionNFT.sol":{"l":{},"path":"D:\\nft-marketplace-dev\\nft-marketplace\\contracts\\auction\\IAuctionNFT.sol","s":{},"b":{},"f":{},"fnMap":{},"statementMap":{},"branchMap":{}},
"contracts\\base\\BaseContract.sol":{"l":{"29":3,"31":3,"35":3,"36":3,"40":0,"41":0,"45":27,"46":25,"50":0,"51":0,"55":0,"56":0,"60":0,"64":27,"75":27,"76":2,"90":0,"94":0,"98":0},"path":"D:\\nft-marketplace-dev\\nft-marketplace\\contracts\\base\\BaseContract.sol","s":{"1":3,"2":3,"3":3,"4":3,"5":0,"6":27,"7":0,"8":0,"9":0,"10":27,"11":27,"12":2,"13":0,"14":0,"15":0},"b":{"1":[0,0],"2":[2,25]},"f":{"1":3,"2":3,"3":0,"4":27,"5":0,"6":0,"7":0,"8":27,"9":27,"10":0,"11":0,"12":0,"13":0},"fnMap":{"1":{"name":"__BaseContract_init","line":28,"loc":{"start":{"line":28,"column":4},"end":{"line":32,"column":4}}},"2":{"name":"__BaseContract_init_unchained","line":34,"loc":{"start":{"line":34,"column":4},"end":{"line":37,"column":4}}},"3":{"name":"onlyAdmin","line":39,"loc":{"start":{"line":39,"column":4},"end":{"line":42,"column":4}}},"4":{"name":"onlyOperator","line":44,"loc":{"start":{"line":44,"column":4},"end":{"line":47,"column":4}}},"5":{"name":"onlyPauser","line":49,"loc":{"start":{"line":49,"column":4},"end":{"line":52,"column":4}}},"6":{"name":"whenContractNotPaused","line":54,"loc":{"start":{"line":54,"column":4},"end":{"line":57,"column":4}}},"7":{"name":"_whenNotPaused","line":59,"loc":{"start":{"line":59,"column":4},"end":{"line":61,"column":4}}},"8":{"name":"_onlyRole","line":63,"loc":{"start":{"line":63,"column":4},"end":{"line":65,"column":4}}},"9":{"name":"_checkRole","line":74,"loc":{"start":{"line":74,"column":4},"end":{"line":87,"column":4}}},"10":{"name":"pause","line":89,"loc":{"start":{"line":89,"column":4},"end":{"line":91,"column":4}}},"11":{"name":"unPause","line":93,"loc":{"start":{"line":93,"column":4},"end":{"line":95,"column":4}}},"12":{"name":"setContractHub","line":97,"loc":{"start":{"line":97,"column":4},"end":{"line":99,"column":4}}},"13":{"name":"_authorizeUpgrade","line":101,"loc":{"start":{"line":101,"column":4},"end":{"line":101,"column":69}}}},"statementMap":{"1":{"start":{"line":29,"column":8},"end":{"line":29,"column":38}},"2":{"start":{"line":31,"column":8},"end":{"line":31,"column":25}},"3":{"start":{"line":35,"column":8},"end":{"line":35,"column":31}},"4":{"start":{"line":36,"column":8},"end":{"line":36,"column":24}},"5":{"start":{"line":40,"column":8},"end":{"line":40,"column":45}},"6":{"start":{"line":45,"column":8},"end":{"line":45,"column":40}},"7":{"start":{"line":50,"column":8},"end":{"line":50,"column":38}},"8":{"start":{"line":55,"column":8},"end":{"line":55,"column":23}},"9":{"start":{"line":60,"column":8},"end":{"line":60,"column":45}},"10":{"start":{"line":64,"column":8},"end":{"line":64,"column":37}},"11":{"start":{"line":75,"column":8},"end":{"line":75,"column":2304}},"12":{"start":{"line":76,"column":12},"end":{"line":76,"column":2391}},"13":{"start":{"line":90,"column":8},"end":{"line":90,"column":15}},"14":{"start":{"line":94,"column":8},"end":{"line":94,"column":17}},"15":{"start":{"line":98,"column":8},"end":{"line":98,"column":25}}},"branchMap":{"1":{"line":60,"type":"if","locations":[{"start":{"line":60,"column":8},"end":{"line":60,"column":8}},{"start":{"line":60,"column":8},"end":{"line":60,"column":8}}]},"2":{"line":75,"type":"if","locations":[{"start":{"line":75,"column":8},"end":{"line":75,"column":8}},{"start":{"line":75,"column":8},"end":{"line":75,"column":8}}]}}},
"contracts\\base\\BaseInterface.sol":{"l":{},"path":"D:\\nft-marketplace-dev\\nft-marketplace\\contracts\\base\\BaseInterface.sol","s":{},"b":{},"f":{},"fnMap":{},"statementMap":{},"branchMap":{}},
"contracts\\dfy-nft\\DefiForYouNFT.sol":{"l":{"63":0,"64":0,"66":0,"67":0,"68":0,"70":0,"71":0,"74":0,"90":0,"93":0,"96":0,"99":0,"102":0,"104":0,"106":0,"108":0,"110":0,"123":0,"125":0,"127":0,"130":0,"131":0,"132":0,"135":0,"147":0,"149":0,"151":0,"155":0,"159":0,"169":0,"176":0,"185":0,"194":0},"path":"D:\\nft-marketplace-dev\\nft-marketplace\\contracts\\dfy-nft\\DefiForYouNFT.sol","s":{"1":0,"2":0,"3":0,"4":0,"5":0,"6":0,"7":0,"8":0,"9":0,"10":0,"11":0,"12":0,"13":0,"14":0,"15":0,"16":0,"17":0,"18":0,"19":0,"20":0,"21":0,"22":0,"23":0,"24":0,"25":0,"26":0,"27":0,"28":0,"29":0,"30":0,"31":0,"32":0,"33":0},"b":{"1":[0,0],"2":[0,0]},"f":{"1":0,"2":0,"3":0,"4":0,"5":0,"6":0,"7":0,"8":0,"9":0,"10":0},"fnMap":{"1":{"name":"constructor","line":62,"loc":{"start":{"line":55,"column":4},"end":{"line":77,"column":4}}},"2":{"name":"safeMint","line":89,"loc":{"start":{"line":85,"column":4},"end":{"line":111,"column":4}}},"3":{"name":"tokensOfOwner","line":117,"loc":{"start":{"line":117,"column":4},"end":{"line":137,"column":4}}},"4":{"name":"setCollectionDefaultRoyaltyRate","line":145,"loc":{"start":{"line":143,"column":4},"end":{"line":152,"column":4}}},"5":{"name":"contractURI","line":154,"loc":{"start":{"line":154,"column":4},"end":{"line":156,"column":4}}},"6":{"name":"_baseURI","line":158,"loc":{"start":{"line":158,"column":4},"end":{"line":160,"column":4}}},"7":{"name":"_beforeTokenTransfer","line":164,"loc":{"start":{"line":164,"column":4},"end":{"line":170,"column":4}}},"8":{"name":"_burn","line":172,"loc":{"start":{"line":172,"column":4},"end":{"line":177,"column":4}}},"9":{"name":"tokenURI","line":179,"loc":{"start":{"line":179,"column":4},"end":{"line":186,"column":4}}},"10":{"name":"supportsInterface","line":188,"loc":{"start":{"line":188,"column":4},"end":{"line":195,"column":4}}}},"statementMap":{"1":{"start":{"line":63,"column":8},"end":{"line":63,"column":45}},"2":{"start":{"line":64,"column":8},"end":{"line":64,"column":38}},"3":{"start":{"line":66,"column":8},"end":{"line":66,"column":31}},"4":{"start":{"line":67,"column":8},"end":{"line":67,"column":40}},"5":{"start":{"line":68,"column":8},"end":{"line":68,"column":37}},"6":{"start":{"line":70,"column":8},"end":{"line":70,"column":2125}},"7":{"start":{"line":71,"column":12},"end":{"line":71,"column":31}},"8":{"start":{"line":74,"column":8},"end":{"line":74,"column":26}},"9":{"start":{"line":90,"column":8},"end":{"line":90,"column":51}},"10":{"start":{"line":93,"column":8},"end":{"line":93,"column":92}},"11":{"start":{"line":96,"column":8},"end":{"line":96,"column":84}},"12":{"start":{"line":99,"column":8},"end":{"line":99,"column":74}},"13":{"start":{"line":102,"column":8},"end":{"line":102,"column":32}},"14":{"start":{"line":104,"column":8},"end":{"line":104,"column":38}},"15":{"start":{"line":106,"column":8},"end":{"line":106,"column":48}},"16":{"start":{"line":108,"column":8},"end":{"line":108,"column":34}},"17":{"start":{"line":110,"column":8},"end":{"line":110,"column":62}},"18":{"start":{"line":123,"column":8},"end":{"line":123,"column":46}},"19":{"start":{"line":125,"column":8},"end":{"line":125,"column":3992}},"20":{"start":{"line":127,"column":12},"end":{"line":127,"column":35}},"21":{"start":{"line":130,"column":12},"end":{"line":130,"column":66}},"22":{"start":{"line":131,"column":12},"end":{"line":131,"column":4299}},"23":{"start":{"line":132,"column":16},"end":{"line":132,"column":60}},"24":{"start":{"line":135,"column":12},"end":{"line":135,"column":28}},"25":{"start":{"line":147,"column":8},"end":{"line":147,"column":55}},"26":{"start":{"line":149,"column":8},"end":{"line":149,"column":42}},"27":{"start":{"line":151,"column":8},"end":{"line":151,"column":77}},"28":{"start":{"line":155,"column":8},"end":{"line":155,"column":66}},"29":{"start":{"line":159,"column":8},"end":{"line":159,"column":32}},"30":{"start":{"line":169,"column":8},"end":{"line":169,"column":52}},"31":{"start":{"line":176,"column":8},"end":{"line":176,"column":27}},"32":{"start":{"line":185,"column":8},"end":{"line":185,"column":38}},"33":{"start":{"line":194,"column":8},"end":{"line":194,"column":51}}},"branchMap":{"1":{"line":70,"type":"if","locations":[{"start":{"line":70,"column":8},"end":{"line":70,"column":8}},{"start":{"line":70,"column":8},"end":{"line":70,"column":8}}]},"2":{"line":125,"type":"if","locations":[{"start":{"line":125,"column":8},"end":{"line":125,"column":8}},{"start":{"line":125,"column":8},"end":{"line":125,"column":8}}]}}},
"contracts\\dfy-nft\\DefiForYouNFTDefault.sol":{"l":{"63":0,"65":0,"66":0,"67":0,"73":0,"89":0,"92":0,"96":0,"100":0,"103":0,"105":0,"107":0,"109":0,"111":0,"124":0,"126":0,"128":0,"131":0,"132":0,"133":0,"136":0,"148":0,"150":0,"152":0,"156":0,"160":0,"170":0,"177":0,"186":0,"195":0},"path":"D:\\nft-marketplace-dev\\nft-marketplace\\contracts\\dfy-nft\\DefiForYouNFTDefault.sol","s":{"1":0,"2":0,"3":0,"4":0,"5":0,"6":0,"7":0,"8":0,"9":0,"10":0,"11":0,"12":0,"13":0,"14":0,"15":0,"16":0,"17":0,"18":0,"19":0,"20":0,"21":0,"22":0,"23":0,"24":0,"25":0,"26":0,"27":0,"28":0,"29":0,"30":0},"b":{"1":[0,0]},"f":{"1":0,"2":0,"3":0,"4":0,"5":0,"6":0,"7":0,"8":0,"9":0,"10":0},"fnMap":{"1":{"name":"constructor","line":62,"loc":{"start":{"line":55,"column":4},"end":{"line":76,"column":4}}},"2":{"name":"safeMint","line":84,"loc":{"start":{"line":84,"column":4},"end":{"line":112,"column":4}}},"3":{"name":"tokensOfOwner","line":118,"loc":{"start":{"line":118,"column":4},"end":{"line":138,"column":4}}},"4":{"name":"setCollectionDefaultRoyaltyRate","line":146,"loc":{"start":{"line":144,"column":4},"end":{"line":153,"column":4}}},"5":{"name":"contractURI","line":155,"loc":{"start":{"line":155,"column":4},"end":{"line":157,"column":4}}},"6":{"name":"_baseURI","line":159,"loc":{"start":{"line":159,"column":4},"end":{"line":161,"column":4}}},"7":{"name":"_beforeTokenTransfer","line":165,"loc":{"start":{"line":165,"column":4},"end":{"line":171,"column":4}}},"8":{"name":"_burn","line":173,"loc":{"start":{"line":173,"column":4},"end":{"line":178,"column":4}}},"9":{"name":"tokenURI","line":180,"loc":{"start":{"line":180,"column":4},"end":{"line":187,"column":4}}},"10":{"name":"supportsInterface","line":189,"loc":{"start":{"line":189,"column":4},"end":{"line":196,"column":4}}}},"statementMap":{"1":{"start":{"line":63,"column":8},"end":{"line":63,"column":45}},"2":{"start":{"line":65,"column":8},"end":{"line":65,"column":31}},"3":{"start":{"line":66,"column":8},"end":{"line":66,"column":40}},"4":{"start":{"line":67,"column":8},"end":{"line":67,"column":37}},"5":{"start":{"line":73,"column":8},"end":{"line":73,"column":26}},"6":{"start":{"line":89,"column":8},"end":{"line":89,"column":51}},"7":{"start":{"line":92,"column":8},"end":{"line":92,"column":2970}},"8":{"start":{"line":96,"column":8},"end":{"line":96,"column":3125}},"9":{"start":{"line":100,"column":8},"end":{"line":100,"column":74}},"10":{"start":{"line":103,"column":8},"end":{"line":103,"column":32}},"11":{"start":{"line":105,"column":8},"end":{"line":105,"column":38}},"12":{"start":{"line":107,"column":8},"end":{"line":107,"column":48}},"13":{"start":{"line":109,"column":8},"end":{"line":109,"column":34}},"14":{"start":{"line":111,"column":8},"end":{"line":111,"column":62}},"15":{"start":{"line":124,"column":8},"end":{"line":124,"column":46}},"16":{"start":{"line":126,"column":8},"end":{"line":126,"column":3979}},"17":{"start":{"line":128,"column":12},"end":{"line":128,"column":35}},"18":{"start":{"line":131,"column":12},"end":{"line":131,"column":66}},"19":{"start":{"line":132,"column":12},"end":{"line":132,"column":4286}},"20":{"start":{"line":133,"column":16},"end":{"line":133,"column":60}},"21":{"start":{"line":136,"column":12},"end":{"line":136,"column":28}},"22":{"start":{"line":148,"column":8},"end":{"line":148,"column":55}},"23":{"start":{"line":150,"column":8},"end":{"line":150,"column":42}},"24":{"start":{"line":152,"column":8},"end":{"line":152,"column":77}},"25":{"start":{"line":156,"column":8},"end":{"line":156,"column":66}},"26":{"start":{"line":160,"column":8},"end":{"line":160,"column":32}},"27":{"start":{"line":170,"column":8},"end":{"line":170,"column":52}},"28":{"start":{"line":177,"column":8},"end":{"line":177,"column":27}},"29":{"start":{"line":186,"column":8},"end":{"line":186,"column":38}},"30":{"start":{"line":195,"column":8},"end":{"line":195,"column":51}}},"branchMap":{"1":{"line":126,"type":"if","locations":[{"start":{"line":126,"column":8},"end":{"line":126,"column":8}},{"start":{"line":126,"column":8},"end":{"line":126,"column":8}}]}}},
"contracts\\dfy-nft\\DefiForYouNFTFactory.sol":{"l":{"20":0,"31":0,"37":0,"55":0,"64":0,"66":0,"68":0,"71":0,"73":0,"77":0,"85":0},"path":"D:\\nft-marketplace-dev\\nft-marketplace\\contracts\\dfy-nft\\DefiForYouNFTFactory.sol","s":{"1":0,"2":0,"3":0,"4":0,"5":0,"6":0,"7":0,"8":0,"9":0,"10":0,"11":0},"b":{"1":[0,0]},"f":{"1":0,"2":0,"3":0,"4":0},"fnMap":{"1":{"name":"initialize","line":19,"loc":{"start":{"line":19,"column":4},"end":{"line":21,"column":4}}},"2":{"name":"supportsInterface","line":25,"loc":{"start":{"line":25,"column":4},"end":{"line":34,"column":4}}},"3":{"name":"signature","line":36,"loc":{"start":{"line":36,"column":4},"end":{"line":38,"column":4}}},"4":{"name":"createCollection","line":49,"loc":{"start":{"line":49,"column":4},"end":{"line":94,"column":4}}}},"statementMap":{"1":{"start":{"line":20,"column":8},"end":{"line":20,"column":32}},"2":{"start":{"line":31,"column":8},"end":{"line":31,"column":1178}},"3":{"start":{"line":37,"column":8},"end":{"line":37,"column":47}},"4":{"start":{"line":55,"column":8},"end":{"line":55,"column":2019}},"5":{"start":{"line":64,"column":8},"end":{"line":64,"column":50}},"6":{"start":{"line":66,"column":8},"end":{"line":66,"column":38}},"7":{"start":{"line":68,"column":8},"end":{"line":68,"column":2369}},"8":{"start":{"line":71,"column":8},"end":{"line":71,"column":2453}},"9":{"start":{"line":73,"column":12},"end":{"line":73,"column":2578}},"10":{"start":{"line":77,"column":12},"end":{"line":77,"column":2737}},"11":{"start":{"line":85,"column":8},"end":{"line":85,"column":2921}}},"branchMap":{"1":{"line":71,"type":"if","locations":[{"start":{"line":71,"column":8},"end":{"line":71,"column":8}},{"start":{"line":71,"column":8},"end":{"line":71,"column":8}}]}}},
"contracts\\dfy-nft\\IDFY721Factory.sol":{"l":{},"path":"D:\\nft-marketplace-dev\\nft-marketplace\\contracts\\dfy-nft\\IDFY721Factory.sol","s":{},"b":{},"f":{},"fnMap":{},"statementMap":{},"branchMap":{}},
"contracts\\DToken.sol":{"l":{"8":3},"path":"D:\\nft-marketplace-dev\\nft-marketplace\\contracts\\DToken.sol","s":{"1":3},"b":{},"f":{"1":3},"fnMap":{"1":{"name":"constructor","line":7,"loc":{"start":{"line":7,"column":4},"end":{"line":9,"column":4}}}},"statementMap":{"1":{"start":{"line":8,"column":8},"end":{"line":8,"column":58}}},"branchMap":{}},
"contracts\\hub\\Hub.sol":{"l":{"47":3,"48":3,"49":3,"51":3,"52":3,"53":3,"55":3,"58":3,"61":3,"63":3,"64":3,"69":0,"72":0,"89":0,"102":0,"103":0,"107":0,"111":0,"115":0,"119":0,"123":0,"127":0,"131":0,"149":1,"155":1,"156":1,"157":1,"159":0,"160":0,"162":0,"166":1,"171":1,"173":1,"188":0,"189":0,"190":0,"197":1,"198":1,"201":1,"202":1,"212":0,"213":0,"220":0,"225":0,"234":0,"244":0,"245":0,"248":0,"249":0,"252":0,"253":0,"256":0,"257":0,"260":0,"261":0,"277":0,"278":0,"279":0,"280":0,"281":0,"290":0,"299":0,"309":0,"310":0,"313":0,"314":0,"317":0,"318":0,"321":0,"322":0,"325":0,"326":0,"342":0,"343":0,"344":0,"345":0,"346":0,"355":0,"356":0,"360":0,"361":0,"370":0,"371":0,"373":0,"374":0,"376":0,"377":0,"387":0,"388":0,"401":0,"402":0,"403":0,"413":0,"414":0,"416":0,"428":0,"429":0},"path":"D:\\nft-marketplace-dev\\nft-marketplace\\contracts\\hub\\Hub.sol","s":{"1":3,"2":3,"3":3,"4":3,"5":3,"6":3,"7":3,"8":3,"9":3,"10":3,"11":3,"12":0,"13":0,"14":0,"15":0,"16":0,"17":0,"18":0,"19":0,"20":0,"21":0,"22":0,"23":1,"24":1,"25":1,"26":1,"27":0,"28":0,"29":0,"30":1,"31":1,"32":1,"33":0,"34":0,"35":0,"36":1,"37":1,"38":1,"39":1,"40":0,"41":0,"42":0,"43":0,"44":0,"45":0,"46":0,"47":0,"48":0,"49":0,"50":0,"51":0,"52":0,"53":0,"54":0,"55":0,"56":0,"57":0,"58":0,"59":0,"60":0,"61":0,"62":0,"63":0,"64":0,"65":0,"66":0,"67":0,"68":0,"69":0,"70":0,"71":0,"72":0,"73":0,"74":0,"75":0,"76":0,"77":0,"78":0,"79":0,"80":0,"81":0,"82":0,"83":0,"84":0,"85":0,"86":0,"87":0,"88":0,"89":0,"90":0,"91":0,"92":0,"93":0,"94":0,"95":0,"96":0},"b":{"1":[0,0],"2":[1,0],"3":[0,1],"4":[1,0],"5":[1,0],"6":[0,0],"7":[0,0],"8":[0,0],"9":[0,0],"10":[0,0],"11":[0,0],"12":[0,0],"13":[0,0],"14":[0,0],"15":[0,0],"16":[0,0],"17":[0,0],"18":[0,0],"19":[0,0],"20":[0,0],"21":[0,0],"22":[0,0],"23":[0,0]},"f":{"1":3,"2":0,"3":0,"4":0,"5":0,"6":0,"7":0,"8":0,"9":0,"10":0,"11":0,"12":0,"13":1,"14":0,"15":1,"16":0,"17":0,"18":0,"19":0,"20":0,"21":0,"22":0,"23":0,"24":0,"25":0,"26":0,"27":0,"28":0,"29":0,"30":0},"fnMap":{"1":{"name":"initialize","line":46,"loc":{"start":{"line":42,"column":4},"end":{"line":65,"column":4}}},"2":{"name":"setupRoleAdmin","line":67,"loc":{"start":{"line":67,"column":4},"end":{"line":73,"column":4}}},"3":{"name":"_authorizeUpgrade","line":80,"loc":{"start":{"line":77,"column":4},"end":{"line":81,"column":5}}},"4":{"name":"supportsInterface","line":83,"loc":{"start":{"line":83,"column":4},"end":{"line":90,"column":4}}},"5":{"name":"whenContractNotPaused","line":101,"loc":{"start":{"line":101,"column":4},"end":{"line":104,"column":4}}},"6":{"name":"_whenNotPaused","line":106,"loc":{"start":{"line":106,"column":4},"end":{"line":108,"column":4}}},"7":{"name":"pause","line":110,"loc":{"start":{"line":110,"column":4},"end":{"line":112,"column":4}}},"8":{"name":"unPause","line":114,"loc":{"start":{"line":114,"column":4},"end":{"line":116,"column":4}}},"9":{"name":"AdminRole","line":118,"loc":{"start":{"line":118,"column":4},"end":{"line":120,"column":4}}},"10":{"name":"OperatorRole","line":122,"loc":{"start":{"line":122,"column":4},"end":{"line":124,"column":4}}},"11":{"name":"PauserRole","line":126,"loc":{"start":{"line":126,"column":4},"end":{"line":128,"column":4}}},"12":{"name":"EvaluatorRole","line":130,"loc":{"start":{"line":130,"column":4},"end":{"line":132,"column":4}}},"13":{"name":"registerContract","line":147,"loc":{"start":{"line":143,"column":4},"end":{"line":180,"column":4}}},"14":{"name":"getContractAddress","line":182,"loc":{"start":{"line":182,"column":4},"end":{"line":191,"column":4}}},"15":{"name":"setSystemConfig","line":195,"loc":{"start":{"line":193,"column":4},"end":{"line":204,"column":4}}},"16":{"name":"getSystemConfig","line":206,"loc":{"start":{"line":206,"column":4},"end":{"line":214,"column":4}}},"17":{"name":"setWhitelistCollateral_NFT","line":216,"loc":{"start":{"line":216,"column":4},"end":{"line":226,"column":4}}},"18":{"name":"getWhitelistCollateral_NFT","line":228,"loc":{"start":{"line":228,"column":4},"end":{"line":235,"column":4}}},"19":{"name":"setPawnNFTConfig","line":243,"loc":{"start":{"line":237,"column":4},"end":{"line":263,"column":4}}},"20":{"name":"getPawnNFTConfig","line":265,"loc":{"start":{"line":265,"column":4},"end":{"line":282,"column":4}}},"21":{"name":"setWhitelistCollateral","line":288,"loc":{"start":{"line":286,"column":4},"end":{"line":291,"column":4}}},"22":{"name":"getWhitelistCollateral","line":293,"loc":{"start":{"line":293,"column":4},"end":{"line":300,"column":4}}},"23":{"name":"setPawnConfig","line":308,"loc":{"start":{"line":302,"column":4},"end":{"line":328,"column":4}}},"24":{"name":"getPawnConfig","line":330,"loc":{"start":{"line":330,"column":4},"end":{"line":347,"column":4}}},"25":{"name":"setNFTConfiguration","line":354,"loc":{"start":{"line":351,"column":4},"end":{"line":363,"column":4}}},"26":{"name":"setNFTMarketConfig","line":369,"loc":{"start":{"line":365,"column":4},"end":{"line":379,"column":4}}},"27":{"name":"getNFTCollectionConfig","line":381,"loc":{"start":{"line":381,"column":4},"end":{"line":389,"column":4}}},"28":{"name":"getNFTMarketConfig","line":391,"loc":{"start":{"line":391,"column":4},"end":{"line":404,"column":4}}},"29":{"name":"setEvaluationConfig","line":412,"loc":{"start":{"line":408,"column":4},"end":{"line":420,"column":4}}},"30":{"name":"getEvaluationConfig","line":422,"loc":{"start":{"line":422,"column":4},"end":{"line":430,"column":4}}}},"statementMap":{"1":{"start":{"line":47,"column":8},"end":{"line":47,"column":31}},"2":{"start":{"line":48,"column":8},"end":{"line":48,"column":24}},"3":{"start":{"line":49,"column":8},"end":{"line":49,"column":29}},"4":{"start":{"line":51,"column":8},"end":{"line":51,"column":58}},"5":{"start":{"line":52,"column":8},"end":{"line":52,"column":51}},"6":{"start":{"line":53,"column":8},"end":{"line":53,"column":51}},"7":{"start":{"line":55,"column":8},"end":{"line":55,"column":50}},"8":{"start":{"line":58,"column":8},"end":{"line":58,"column":69}},"9":{"start":{"line":61,"column":8},"end":{"line":61,"column":69}},"10":{"start":{"line":63,"column":8},"end":{"line":63,"column":47}},"11":{"start":{"line":64,"column":8},"end":{"line":64,"column":45}},"12":{"start":{"line":69,"column":8},"end":{"line":69,"column":69}},"13":{"start":{"line":72,"column":8},"end":{"line":72,"column":69}},"14":{"start":{"line":89,"column":8},"end":{"line":89,"column":51}},"15":{"start":{"line":102,"column":8},"end":{"line":102,"column":23}},"16":{"start":{"line":107,"column":8},"end":{"line":107,"column":45}},"17":{"start":{"line":111,"column":8},"end":{"line":111,"column":15}},"18":{"start":{"line":115,"column":8},"end":{"line":115,"column":17}},"19":{"start":{"line":119,"column":8},"end":{"line":119,"column":42}},"20":{"start":{"line":123,"column":8},"end":{"line":123,"column":37}},"21":{"start":{"line":127,"column":8},"end":{"line":127,"column":35}},"22":{"start":{"line":131,"column":8},"end":{"line":131,"column":38}},"23":{"start":{"line":149,"column":8},"end":{"line":149,"column":5133}},"24":{"start":{"line":155,"column":8},"end":{"line":155,"column":31}},"25":{"start":{"line":156,"column":8},"end":{"line":156,"column":34}},"26":{"start":{"line":157,"column":8},"end":{"line":157,"column":5414}},"27":{"start":{"line":159,"column":12},"end":{"line":159,"column":72}},"28":{"start":{"line":160,"column":12},"end":{"line":160,"column":66}},"29":{"start":{"line":162,"column":12},"end":{"line":162,"column":66}},"30":{"start":{"line":166,"column":8},"end":{"line":166,"column":5832}},"31":{"start":{"line":171,"column":8},"end":{"line":171,"column":64}},"32":{"start":{"line":173,"column":8},"end":{"line":173,"column":6028}},"33":{"start":{"line":188,"column":8},"end":{"line":188,"column":63}},"34":{"start":{"line":189,"column":8},"end":{"line":189,"column":50}},"35":{"start":{"line":190,"column":8},"end":{"line":190,"column":44}},"36":{"start":{"line":197,"column":8},"end":{"line":197,"column":6718}},"37":{"start":{"line":198,"column":12},"end":{"line":198,"column":51}},"38":{"start":{"line":201,"column":8},"end":{"line":201,"column":6826}},"39":{"start":{"line":202,"column":12},"end":{"line":202,"column":49}},"40":{"start":{"line":212,"column":8},"end":{"line":212,"column":47}},"41":{"start":{"line":213,"column":8},"end":{"line":213,"column":45}},"42":{"start":{"line":220,"column":8},"end":{"line":220,"column":7320}},"43":{"start":{"line":225,"column":8},"end":{"line":225,"column":70}},"44":{"start":{"line":234,"column":8},"end":{"line":234,"column":70}},"45":{"start":{"line":244,"column":8},"end":{"line":244,"column":8076}},"46":{"start":{"line":245,"column":12},"end":{"line":245,"column":51}},"47":{"start":{"line":248,"column":8},"end":{"line":248,"column":8170}},"48":{"start":{"line":249,"column":12},"end":{"line":249,"column":63}},"49":{"start":{"line":252,"column":8},"end":{"line":252,"column":8279}},"50":{"start":{"line":253,"column":12},"end":{"line":253,"column":65}},"51":{"start":{"line":256,"column":8},"end":{"line":256,"column":8394}},"52":{"start":{"line":257,"column":12},"end":{"line":257,"column":71}},"53":{"start":{"line":260,"column":8},"end":{"line":260,"column":8518}},"54":{"start":{"line":261,"column":12},"end":{"line":261,"column":69}},"55":{"start":{"line":277,"column":8},"end":{"line":277,"column":32}},"56":{"start":{"line":278,"column":8},"end":{"line":278,"column":44}},"57":{"start":{"line":279,"column":8},"end":{"line":279,"column":46}},"58":{"start":{"line":280,"column":8},"end":{"line":280,"column":52}},"59":{"start":{"line":281,"column":8},"end":{"line":281,"column":50}},"60":{"start":{"line":290,"column":8},"end":{"line":290,"column":63}},"61":{"start":{"line":299,"column":8},"end":{"line":299,"column":63}},"62":{"start":{"line":309,"column":8},"end":{"line":309,"column":9928}},"63":{"start":{"line":310,"column":12},"end":{"line":310,"column":51}},"64":{"start":{"line":313,"column":8},"end":{"line":313,"column":10022}},"65":{"start":{"line":314,"column":12},"end":{"line":314,"column":63}},"66":{"start":{"line":317,"column":8},"end":{"line":317,"column":10131}},"67":{"start":{"line":318,"column":12},"end":{"line":318,"column":65}},"68":{"start":{"line":321,"column":8},"end":{"line":321,"column":10246}},"69":{"start":{"line":322,"column":12},"end":{"line":322,"column":71}},"70":{"start":{"line":325,"column":8},"end":{"line":325,"column":10370}},"71":{"start":{"line":326,"column":12},"end":{"line":326,"column":69}},"72":{"start":{"line":342,"column":8},"end":{"line":342,"column":29}},"73":{"start":{"line":343,"column":8},"end":{"line":343,"column":41}},"74":{"start":{"line":344,"column":8},"end":{"line":344,"column":43}},"75":{"start":{"line":345,"column":8},"end":{"line":345,"column":49}},"76":{"start":{"line":346,"column":8},"end":{"line":346,"column":47}},"77":{"start":{"line":355,"column":8},"end":{"line":355,"column":11257}},"78":{"start":{"line":356,"column":12},"end":{"line":356,"column":11308}},"79":{"start":{"line":360,"column":8},"end":{"line":360,"column":11438}},"80":{"start":{"line":361,"column":12},"end":{"line":361,"column":69}},"81":{"start":{"line":370,"column":8},"end":{"line":370,"column":11739}},"82":{"start":{"line":371,"column":12},"end":{"line":371,"column":53}},"83":{"start":{"line":373,"column":8},"end":{"line":373,"column":11833}},"84":{"start":{"line":374,"column":12},"end":{"line":374,"column":71}},"85":{"start":{"line":376,"column":8},"end":{"line":376,"column":11954}},"86":{"start":{"line":377,"column":12},"end":{"line":377,"column":60}},"87":{"start":{"line":387,"column":8},"end":{"line":387,"column":72}},"88":{"start":{"line":388,"column":8},"end":{"line":388,"column":50}},"89":{"start":{"line":401,"column":8},"end":{"line":401,"column":34}},"90":{"start":{"line":402,"column":8},"end":{"line":402,"column":52}},"91":{"start":{"line":403,"column":8},"end":{"line":403,"column":56}},"92":{"start":{"line":413,"column":8},"end":{"line":413,"column":13073}},"93":{"start":{"line":414,"column":12},"end":{"line":414,"column":56}},"94":{"start":{"line":416,"column":8},"end":{"line":416,"column":13228}},"95":{"start":{"line":428,"column":8},"end":{"line":428,"column":70}},"96":{"start":{"line":429,"column":8},"end":{"line":429,"column":64}}},"branchMap":{"1":{"line":107,"type":"if","locations":[{"start":{"line":107,"column":8},"end":{"line":107,"column":8}},{"start":{"line":107,"column":8},"end":{"line":107,"column":8}}]},"2":{"line":149,"type":"if","locations":[{"start":{"line":149,"column":8},"end":{"line":149,"column":8}},{"start":{"line":149,"column":8},"end":{"line":149,"column":8}}]},"3":{"line":157,"type":"if","locations":[{"start":{"line":157,"column":8},"end":{"line":157,"column":8}},{"start":{"line":157,"column":8},"end":{"line":157,"column":8}}]},"4":{"line":197,"type":"if","locations":[{"start":{"line":197,"column":8},"end":{"line":197,"column":8}},{"start":{"line":197,"column":8},"end":{"line":197,"column":8}}]},"5":{"line":201,"type":"if","locations":[{"start":{"line":201,"column":8},"end":{"line":201,"column":8}},{"start":{"line":201,"column":8},"end":{"line":201,"column":8}}]},"6":{"line":220,"type":"if","locations":[{"start":{"line":220,"column":8},"end":{"line":220,"column":8}},{"start":{"line":220,"column":8},"end":{"line":220,"column":8}}]},"7":{"line":244,"type":"if","locations":[{"start":{"line":244,"column":8},"end":{"line":244,"column":8}},{"start":{"line":244,"column":8},"end":{"line":244,"column":8}}]},"8":{"line":248,"type":"if","locations":[{"start":{"line":248,"column":8},"end":{"line":248,"column":8}},{"start":{"line":248,"column":8},"end":{"line":248,"column":8}}]},"9":{"line":252,"type":"if","locations":[{"start":{"line":252,"column":8},"end":{"line":252,"column":8}},{"start":{"line":252,"column":8},"end":{"line":252,"column":8}}]},"10":{"line":256,"type":"if","locations":[{"start":{"line":256,"column":8},"end":{"line":256,"column":8}},{"start":{"line":256,"column":8},"end":{"line":256,"column":8}}]},"11":{"line":260,"type":"if","locations":[{"start":{"line":260,"column":8},"end":{"line":260,"column":8}},{"start":{"line":260,"column":8},"end":{"line":260,"column":8}}]},"12":{"line":309,"type":"if","locations":[{"start":{"line":309,"column":8},"end":{"line":309,"column":8}},{"start":{"line":309,"column":8},"end":{"line":309,"column":8}}]},"13":{"line":313,"type":"if","locations":[{"start":{"line":313,"column":8},"end":{"line":313,"column":8}},{"start":{"line":313,"column":8},"end":{"line":313,"column":8}}]},"14":{"line":317,"type":"if","locations":[{"start":{"line":317,"column":8},"end":{"line":317,"column":8}},{"start":{"line":317,"column":8},"end":{"line":317,"column":8}}]},"15":{"line":321,"type":"if","locations":[{"start":{"line":321,"column":8},"end":{"line":321,"column":8}},{"start":{"line":321,"column":8},"end":{"line":321,"column":8}}]},"16":{"line":325,"type":"if","locations":[{"start":{"line":325,"column":8},"end":{"line":325,"column":8}},{"start":{"line":325,"column":8},"end":{"line":325,"column":8}}]},"17":{"line":355,"type":"if","locations":[{"start":{"line":355,"column":8},"end":{"line":355,"column":8}},{"start":{"line":355,"column":8},"end":{"line":355,"column":8}}]},"18":{"line":360,"type":"if","locations":[{"start":{"line":360,"column":8},"end":{"line":360,"column":8}},{"start":{"line":360,"column":8},"end":{"line":360,"column":8}}]},"19":{"line":370,"type":"if","locations":[{"start":{"line":370,"column":8},"end":{"line":370,"column":8}},{"start":{"line":370,"column":8},"end":{"line":370,"column":8}}]},"20":{"line":373,"type":"if","locations":[{"start":{"line":373,"column":8},"end":{"line":373,"column":8}},{"start":{"line":373,"column":8},"end":{"line":373,"column":8}}]},"21":{"line":376,"type":"if","locations":[{"start":{"line":376,"column":8},"end":{"line":376,"column":8}},{"start":{"line":376,"column":8},"end":{"line":376,"column":8}}]},"22":{"line":413,"type":"if","locations":[{"start":{"line":413,"column":8},"end":{"line":413,"column":8}},{"start":{"line":413,"column":8},"end":{"line":413,"column":8}}]},"23":{"line":414,"type":"if","locations":[{"start":{"line":414,"column":12},"end":{"line":414,"column":12}},{"start":{"line":414,"column":12},"end":{"line":414,"column":12}}]}}},
"contracts\\hub\\HubInterface.sol":{"l":{},"path":"D:\\nft-marketplace-dev\\nft-marketplace\\contracts\\hub\\HubInterface.sol","s":{},"b":{},"f":{},"fnMap":{},"statementMap":{},"branchMap":{}},
"contracts\\hub\\HubLib.sol":{"l":{},"path":"D:\\nft-marketplace-dev\\nft-marketplace\\contracts\\hub\\HubLib.sol","s":{},"b":{},"f":{},"fnMap":{},"statementMap":{},"branchMap":{}},
"contracts\\libs\\ArrayLib.sol":{"l":{"14":0,"15":0,"16":0,"17":0,"26":0,"27":0,"28":0,"30":0,"31":0,"33":0,"35":0,"36":0,"40":6,"41":6,"49":0,"50":0,"51":0,"52":0,"61":0,"62":0,"63":0,"70":0,"71":0,"72":0,"79":0,"80":0,"81":0,"83":0,"84":0,"91":0,"92":0,"93":0,"95":0,"96":0},"path":"D:\\nft-marketplace-dev\\nft-marketplace\\contracts\\libs\\ArrayLib.sol","s":{"1":0,"2":0,"3":0,"4":0,"5":0,"6":0,"7":0,"8":0,"9":0,"10":0,"11":0,"12":0,"13":6,"14":6,"15":0,"16":0,"17":0,"18":0,"19":0,"20":0,"21":0,"22":0,"23":0,"24":0,"25":0,"26":0,"27":0,"28":0,"29":0,"30":0,"31":0,"32":0,"33":0,"34":0},"b":{"1":[0,0],"2":[0,0],"3":[0,0],"4":[0,0],"5":[0,0]},"f":{"1":0,"2":0,"3":6,"4":0,"5":0,"6":0,"7":0,"8":0},"fnMap":{"1":{"name":"checkExistsInArray","line":9,"loc":{"start":{"line":9,"column":4},"end":{"line":20,"column":4}}},"2":{"name":"divRoundV2","line":22,"loc":{"start":{"line":22,"column":4},"end":{"line":37,"column":4}}},"3":{"name":"divRound","line":39,"loc":{"start":{"line":39,"column":4},"end":{"line":42,"column":4}}},"4":{"name":"checkExistsInArray","line":44,"loc":{"start":{"line":44,"column":4},"end":{"line":55,"column":4}}},"5":{"name":"removeOutOfArray","line":57,"loc":{"start":{"line":57,"column":4},"end":{"line":64,"column":4}}},"6":{"name":"removeOutOfArray","line":66,"loc":{"start":{"line":66,"column":4},"end":{"line":73,"column":4}}},"7":{"name":"removeOutOfArrayUnchangedPosition","line":75,"loc":{"start":{"line":75,"column":4},"end":{"line":85,"column":4}}},"8":{"name":"removeOutOfArrayUnchangedPosition","line":87,"loc":{"start":{"line":87,"column":4},"end":{"line":97,"column":4}}}},"statementMap":{"1":{"start":{"line":14,"column":8},"end":{"line":14,"column":328}},"2":{"start":{"line":15,"column":12},"end":{"line":15,"column":389}},"3":{"start":{"line":16,"column":16},"end":{"line":16,"column":29}},"4":{"start":{"line":17,"column":16},"end":{"line":17,"column":24}},"5":{"start":{"line":26,"column":8},"end":{"line":26,"column":31}},"6":{"start":{"line":27,"column":8},"end":{"line":27,"column":35}},"7":{"start":{"line":28,"column":8},"end":{"line":28,"column":18}},"8":{"start":{"line":30,"column":8},"end":{"line":30,"column":886}},"9":{"start":{"line":31,"column":12},"end":{"line":31,"column":29}},"10":{"start":{"line":33,"column":12},"end":{"line":33,"column":25}},"11":{"start":{"line":35,"column":8},"end":{"line":35,"column":28}},"12":{"start":{"line":36,"column":8},"end":{"line":36,"column":22}},"13":{"start":{"line":40,"column":8},"end":{"line":40,"column":27}},"14":{"start":{"line":41,"column":8},"end":{"line":41,"column":31}},"15":{"start":{"line":49,"column":8},"end":{"line":49,"column":1378}},"16":{"start":{"line":50,"column":12},"end":{"line":50,"column":1439}},"17":{"start":{"line":51,"column":16},"end":{"line":51,"column":29}},"18":{"start":{"line":52,"column":16},"end":{"line":52,"column":24}},"19":{"start":{"line":61,"column":8},"end":{"line":61,"column":43}},"20":{"start":{"line":62,"column":8},"end":{"line":62,"column":17}},"21":{"start":{"line":63,"column":8},"end":{"line":63,"column":19}},"22":{"start":{"line":70,"column":8},"end":{"line":70,"column":43}},"23":{"start":{"line":71,"column":8},"end":{"line":71,"column":17}},"24":{"start":{"line":72,"column":8},"end":{"line":72,"column":19}},"25":{"start":{"line":79,"column":8},"end":{"line":79,"column":37}},"26":{"start":{"line":80,"column":8},"end":{"line":80,"column":2221}},"27":{"start":{"line":81,"column":12},"end":{"line":81,"column":32}},"28":{"start":{"line":83,"column":8},"end":{"line":83,"column":17}},"29":{"start":{"line":84,"column":8},"end":{"line":84,"column":19}},"30":{"start":{"line":91,"column":8},"end":{"line":91,"column":37}},"31":{"start":{"line":92,"column":8},"end":{"line":92,"column":2575}},"32":{"start":{"line":93,"column":12},"end":{"line":93,"column":32}},"33":{"start":{"line":95,"column":8},"end":{"line":95,"column":17}},"34":{"start":{"line":96,"column":8},"end":{"line":96,"column":19}}},"branchMap":{"1":{"line":15,"type":"if","locations":[{"start":{"line":15,"column":12},"end":{"line":15,"column":12}},{"start":{"line":15,"column":12},"end":{"line":15,"column":12}}]},"2":{"line":30,"type":"if","locations":[{"start":{"line":30,"column":8},"end":{"line":30,"column":8}},{"start":{"line":30,"column":8},"end":{"line":30,"column":8}}]},"3":{"line":50,"type":"if","locations":[{"start":{"line":50,"column":12},"end":{"line":50,"column":12}},{"start":{"line":50,"column":12},"end":{"line":50,"column":12}}]},"4":{"line":79,"type":"if","locations":[{"start":{"line":79,"column":8},"end":{"line":79,"column":8}},{"start":{"line":79,"column":8},"end":{"line":79,"column":8}}]},"5":{"line":91,"type":"if","locations":[{"start":{"line":91,"column":8},"end":{"line":91,"column":8}},{"start":{"line":91,"column":8},"end":{"line":91,"column":8}}]}}},
"contracts\\libs\\CommonLib.sol":{"l":{"33":0,"34":0,"36":0,"40":0,"41":0,"44":0,"48":0,"49":0,"53":0,"55":0,"57":0,"62":0,"64":0,"81":0,"83":0,"86":0,"100":0,"109":0,"117":0,"118":0,"120":0},"path":"D:\\nft-marketplace-dev\\nft-marketplace\\contracts\\libs\\CommonLib.sol","s":{"1":0,"2":0,"3":0,"4":0,"5":0,"6":0,"7":0,"8":0,"9":0,"10":0,"11":0,"12":0,"13":0,"14":0,"15":0,"16":0,"17":0,"18":0,"19":0,"20":0,"21":0,"22":0,"23":0},"b":{"1":[0,0],"2":[0,0],"3":[0,0],"4":[0,0],"5":[0,0],"6":[0,0],"7":[0,0],"8":[0,0],"9":[0,0],"10":[0,0],"11":[0,0],"12":[0,0],"13":[0,0]},"f":{"1":0,"2":0,"3":0,"4":0,"5":0},"fnMap":{"1":{"name":"safeTransfer","line":27,"loc":{"start":{"line":27,"column":4},"end":{"line":69,"column":4}}},"2":{"name":"calculateAmount","line":76,"loc":{"start":{"line":76,"column":4},"end":{"line":88,"column":4}}},"3":{"name":"calculateSystemFee","line":95,"loc":{"start":{"line":95,"column":4},"end":{"line":101,"column":4}}},"4":{"name":"abs","line":108,"loc":{"start":{"line":108,"column":4},"end":{"line":110,"column":4}}},"5":{"name":"getSecondsOfDuration","line":112,"loc":{"start":{"line":112,"column":4},"end":{"line":122,"column":4}}}},"statementMap":{"1":{"start":{"line":33,"column":8},"end":{"line":33,"column":964}},"2":{"start":{"line":34,"column":12},"end":{"line":34,"column":47}},"3":{"start":{"line":36,"column":12},"end":{"line":36,"column":1097}},"4":{"start":{"line":38,"column":19},"end":{"line":38,"column":1186}},"5":{"start":{"line":40,"column":16},"end":{"line":40,"column":61}},"6":{"start":{"line":41,"column":16},"end":{"line":41,"column":36}},"7":{"start":{"line":44,"column":16},"end":{"line":44,"column":34}},"8":{"start":{"line":48,"column":12},"end":{"line":48,"column":71}},"9":{"start":{"line":49,"column":12},"end":{"line":49,"column":1673}},"10":{"start":{"line":53,"column":12},"end":{"line":53,"column":1822}},"11":{"start":{"line":55,"column":16},"end":{"line":55,"column":64}},"12":{"start":{"line":57,"column":16},"end":{"line":57,"column":2004}},"13":{"start":{"line":62,"column":16},"end":{"line":62,"column":74}},"14":{"start":{"line":64,"column":12},"end":{"line":64,"column":2289}},"15":{"start":{"line":81,"column":8},"end":{"line":81,"column":2742}},"16":{"start":{"line":83,"column":12},"end":{"line":83,"column":33}},"17":{"start":{"line":86,"column":12},"end":{"line":86,"column":62}},"18":{"start":{"line":100,"column":8},"end":{"line":100,"column":52}},"19":{"start":{"line":109,"column":8},"end":{"line":109,"column":67}},"20":{"start":{"line":117,"column":8},"end":{"line":117,"column":3831}},"21":{"start":{"line":118,"column":12},"end":{"line":118,"column":38}},"22":{"start":{"line":119,"column":15},"end":{"line":119,"column":3930}},"23":{"start":{"line":120,"column":12},"end":{"line":120,"column":43}}},"branchMap":{"1":{"line":33,"type":"if","locations":[{"start":{"line":33,"column":8},"end":{"line":33,"column":8}},{"start":{"line":33,"column":8},"end":{"line":33,"column":8}}]},"2":{"line":34,"type":"if","locations":[{"start":{"line":34,"column":12},"end":{"line":34,"column":12}},{"start":{"line":34,"column":12},"end":{"line":34,"column":12}}]},"3":{"line":36,"type":"if","locations":[{"start":{"line":36,"column":12},"end":{"line":36,"column":12}},{"start":{"line":36,"column":12},"end":{"line":36,"column":12}}]},"4":{"line":38,"type":"if","locations":[{"start":{"line":38,"column":19},"end":{"line":38,"column":19}},{"start":{"line":38,"column":19},"end":{"line":38,"column":19}}]},"5":{"line":41,"type":"if","locations":[{"start":{"line":41,"column":16},"end":{"line":41,"column":16}},{"start":{"line":41,"column":16},"end":{"line":41,"column":16}}]},"6":{"line":44,"type":"if","locations":[{"start":{"line":44,"column":16},"end":{"line":44,"column":16}},{"start":{"line":44,"column":16},"end":{"line":44,"column":16}}]},"7":{"line":49,"type":"if","locations":[{"start":{"line":49,"column":12},"end":{"line":49,"column":12}},{"start":{"line":49,"column":12},"end":{"line":49,"column":12}}]},"8":{"line":53,"type":"if","locations":[{"start":{"line":53,"column":12},"end":{"line":53,"column":12}},{"start":{"line":53,"column":12},"end":{"line":53,"column":12}}]},"9":{"line":57,"type":"if","locations":[{"start":{"line":57,"column":16},"end":{"line":57,"column":16}},{"start":{"line":57,"column":16},"end":{"line":57,"column":16}}]},"10":{"line":64,"type":"if","locations":[{"start":{"line":64,"column":12},"end":{"line":64,"column":12}},{"start":{"line":64,"column":12},"end":{"line":64,"column":12}}]},"11":{"line":81,"type":"if","locations":[{"start":{"line":81,"column":8},"end":{"line":81,"column":8}},{"start":{"line":81,"column":8},"end":{"line":81,"column":8}}]},"12":{"line":117,"type":"if","locations":[{"start":{"line":117,"column":8},"end":{"line":117,"column":8}},{"start":{"line":117,"column":8},"end":{"line":117,"column":8}}]},"13":{"line":119,"type":"if","locations":[{"start":{"line":119,"column":15},"end":{"line":119,"column":15}},{"start":{"line":119,"column":15},"end":{"line":119,"column":15}}]}}},
"contracts\\market\\ISellNFT.sol":{"l":{},"path":"D:\\nft-marketplace-dev\\nft-marketplace\\contracts\\market\\ISellNFT.sol","s":{},"b":{},"f":{},"fnMap":{},"statementMap":{},"branchMap":{}},
"contracts\\market\\SellNFT.sol":{"l":{"31":0,"42":0,"48":0,"59":0,"67":0,"73":0,"77":0,"84":0,"86":0,"88":0,"89":0,"90":0,"91":0,"92":0,"93":0,"94":0,"96":0,"98":0,"102":0,"104":0,"108":0,"114":0,"122":0,"124":0,"127":0,"132":0,"134":0,"143":0,"145":0,"147":0,"149":0,"156":0,"162":0,"175":0,"177":0,"180":0,"184":0,"185":0,"186":0,"192":0,"200":0,"207":0,"209":0,"218":0,"227":0,"233":0,"247":0,"251":0,"270":0,"273":0,"276":0,"283":0,"288":0,"297":0,"299":0,"300":0,"301":0,"314":0,"315":0,"317":0,"321":0,"324":0,"330":0,"333":0},"path":"D:\\nft-marketplace-dev\\nft-marketplace\\contracts\\market\\SellNFT.sol","s":{"1":0,"2":0,"3":0,"4":0,"5":0,"6":0,"7":0,"8":0,"9":0,"10":0,"11":0,"12":0,"13":0,"14":0,"15":0,"16":0,"17":0,"18":0,"19":0,"20":0,"21":0,"22":0,"23":0,"24":0,"25":0,"26":0,"27":0,"28":0,"29":0,"30":0,"31":0,"32":0,"33":0,"34":0,"35":0,"36":0,"37":0,"38":0,"39":0,"40":0,"41":0,"42":0,"43":0,"44":0,"45":0,"46":0,"47":0,"48":0,"49":0,"50":0,"51":0,"52":0,"53":0,"54":0,"55":0,"56":0,"57":0,"58":0,"59":0,"60":0,"61":0,"62":0,"63":0,"64":0},"b":{"1":[0,0],"2":[0,0],"3":[0,0],"4":[0,0],"5":[0,0],"6":[0,0],"7":[0,0],"8":[0,0],"9":[0,0],"10":[0,0],"11":[0,0],"12":[0,0],"13":[0,0],"14":[0,0],"15":[0,0],"16":[0,0],"17":[0,0]},"f":{"1":0,"2":0,"3":0,"4":0,"5":0,"6":0,"7":0,"8":0,"9":0},"fnMap":{"1":{"name":"initialize","line":30,"loc":{"start":{"line":30,"column":4},"end":{"line":32,"column":4}}},"2":{"name":"supportsInterface","line":36,"loc":{"start":{"line":36,"column":4},"end":{"line":45,"column":4}}},"3":{"name":"signature","line":47,"loc":{"start":{"line":47,"column":4},"end":{"line":49,"column":4}}},"4":{"name":"putOnSales","line":58,"loc":{"start":{"line":52,"column":4},"end":{"line":115,"column":4}}},"5":{"name":"cancelListing","line":120,"loc":{"start":{"line":117,"column":4},"end":{"line":135,"column":4}}},"6":{"name":"buyNFT","line":141,"loc":{"start":{"line":137,"column":4},"end":{"line":248,"column":4}}},"7":{"name":"isTokenOnSales","line":250,"loc":{"start":{"line":250,"column":4},"end":{"line":252,"column":4}}},"8":{"name":"_calculateOrderFees","line":254,"loc":{"start":{"line":254,"column":4},"end":{"line":305,"column":4}}},"9":{"name":"_verifyOrderInfo","line":307,"loc":{"start":{"line":307,"column":4},"end":{"line":337,"column":4}}}},"statementMap":{"1":{"start":{"line":31,"column":8},"end":{"line":31,"column":32}},"2":{"start":{"line":42,"column":8},"end":{"line":42,"column":1540}},"3":{"start":{"line":48,"column":8},"end":{"line":48,"column":41}},"4":{"start":{"line":59,"column":8},"end":{"line":59,"column":2051}},"5":{"start":{"line":67,"column":8},"end":{"line":67,"column":2270}},"6":{"start":{"line":73,"column":8},"end":{"line":73,"column":2525}},"7":{"start":{"line":77,"column":8},"end":{"line":77,"column":2666}},"8":{"start":{"line":84,"column":8},"end":{"line":84,"column":42}},"9":{"start":{"line":86,"column":8},"end":{"line":86,"column":51}},"10":{"start":{"line":88,"column":8},"end":{"line":88,"column":46}},"11":{"start":{"line":89,"column":8},"end":{"line":89,"column":43}},"12":{"start":{"line":90,"column":8},"end":{"line":90,"column":31}},"13":{"start":{"line":91,"column":8},"end":{"line":91,"column":51}},"14":{"start":{"line":92,"column":8},"end":{"line":92,"column":33}},"15":{"start":{"line":93,"column":8},"end":{"line":93,"column":27}},"16":{"start":{"line":94,"column":8},"end":{"line":94,"column":43}},"17":{"start":{"line":96,"column":8},"end":{"line":96,"column":45}},"18":{"start":{"line":98,"column":8},"end":{"line":98,"column":3433}},"19":{"start":{"line":102,"column":8},"end":{"line":102,"column":34}},"20":{"start":{"line":104,"column":8},"end":{"line":104,"column":3606}},"21":{"start":{"line":108,"column":8},"end":{"line":108,"column":3730}},"22":{"start":{"line":114,"column":8},"end":{"line":114,"column":69}},"23":{"start":{"line":122,"column":8},"end":{"line":122,"column":46}},"24":{"start":{"line":124,"column":8},"end":{"line":124,"column":74}},"25":{"start":{"line":127,"column":8},"end":{"line":127,"column":4253}},"26":{"start":{"line":134,"column":8},"end":{"line":134,"column":36}},"27":{"start":{"line":143,"column":8},"end":{"line":143,"column":46}},"28":{"start":{"line":145,"column":8},"end":{"line":145,"column":74}},"29":{"start":{"line":147,"column":8},"end":{"line":147,"column":64}},"30":{"start":{"line":149,"column":8},"end":{"line":149,"column":4840}},"31":{"start":{"line":156,"column":8},"end":{"line":156,"column":5091}},"32":{"start":{"line":162,"column":8},"end":{"line":162,"column":5220}},"33":{"start":{"line":175,"column":8},"end":{"line":175,"column":59}},"34":{"start":{"line":177,"column":8},"end":{"line":177,"column":5628}},"35":{"start":{"line":180,"column":8},"end":{"line":180,"column":23}},"36":{"start":{"line":184,"column":8},"end":{"line":184,"column":5947}},"37":{"start":{"line":185,"column":12},"end":{"line":185,"column":48}},"38":{"start":{"line":186,"column":12},"end":{"line":186,"column":6071}},"39":{"start":{"line":192,"column":8},"end":{"line":192,"column":6232}},"40":{"start":{"line":200,"column":8},"end":{"line":200,"column":6440}},"41":{"start":{"line":207,"column":8},"end":{"line":207,"column":6599}},"42":{"start":{"line":209,"column":12},"end":{"line":209,"column":6714}},"43":{"start":{"line":218,"column":8},"end":{"line":218,"column":7034}},"44":{"start":{"line":227,"column":8},"end":{"line":227,"column":7277}},"45":{"start":{"line":233,"column":8},"end":{"line":233,"column":7441}},"46":{"start":{"line":247,"column":8},"end":{"line":247,"column":33}},"47":{"start":{"line":251,"column":8},"end":{"line":251,"column":72}},"48":{"start":{"line":270,"column":8},"end":{"line":270,"column":36}},"49":{"start":{"line":273,"column":8},"end":{"line":273,"column":21}},"50":{"start":{"line":276,"column":8},"end":{"line":276,"column":8691}},"51":{"start":{"line":283,"column":8},"end":{"line":283,"column":8897}},"52":{"start":{"line":288,"column":12},"end":{"line":288,"column":9068}},"53":{"start":{"line":297,"column":8},"end":{"line":297,"column":9328}},"54":{"start":{"line":299,"column":12},"end":{"line":299,"column":53}},"55":{"start":{"line":300,"column":12},"end":{"line":300,"column":47}},"56":{"start":{"line":301,"column":12},"end":{"line":301,"column":9595}},"57":{"start":{"line":314,"column":8},"end":{"line":314,"column":9967}},"58":{"start":{"line":315,"column":12},"end":{"line":315,"column":48}},"59":{"start":{"line":317,"column":12},"end":{"line":317,"column":72}},"60":{"start":{"line":318,"column":15},"end":{"line":318,"column":10183}},"61":{"start":{"line":321,"column":12},"end":{"line":321,"column":49}},"62":{"start":{"line":324,"column":12},"end":{"line":324,"column":10393}},"63":{"start":{"line":330,"column":12},"end":{"line":330,"column":51}},"64":{"start":{"line":333,"column":8},"end":{"line":333,"column":10670}}},"branchMap":{"1":{"line":67,"type":"if","locations":[{"start":{"line":67,"column":8},"end":{"line":67,"column":8}},{"start":{"line":67,"column":8},"end":{"line":67,"column":8}}]},"2":{"line":73,"type":"if","locations":[{"start":{"line":73,"column":8},"end":{"line":73,"column":8}},{"start":{"line":73,"column":8},"end":{"line":73,"column":8}}]},"3":{"line":77,"type":"if","locations":[{"start":{"line":77,"column":8},"end":{"line":77,"column":8}},{"start":{"line":77,"column":8},"end":{"line":77,"column":8}}]},"4":{"line":84,"type":"if","locations":[{"start":{"line":84,"column":8},"end":{"line":84,"column":8}},{"start":{"line":84,"column":8},"end":{"line":84,"column":8}}]},"5":{"line":124,"type":"if","locations":[{"start":{"line":124,"column":8},"end":{"line":124,"column":8}},{"start":{"line":124,"column":8},"end":{"line":124,"column":8}}]},"6":{"line":145,"type":"if","locations":[{"start":{"line":145,"column":8},"end":{"line":145,"column":8}},{"start":{"line":145,"column":8},"end":{"line":145,"column":8}}]},"7":{"line":147,"type":"if","locations":[{"start":{"line":147,"column":8},"end":{"line":147,"column":8}},{"start":{"line":147,"column":8},"end":{"line":147,"column":8}}]},"8":{"line":180,"type":"if","locations":[{"start":{"line":180,"column":8},"end":{"line":180,"column":8}},{"start":{"line":180,"column":8},"end":{"line":180,"column":8}}]},"9":{"line":184,"type":"if","locations":[{"start":{"line":184,"column":8},"end":{"line":184,"column":8}},{"start":{"line":184,"column":8},"end":{"line":184,"column":8}}]},"10":{"line":207,"type":"if","locations":[{"start":{"line":207,"column":8},"end":{"line":207,"column":8}},{"start":{"line":207,"column":8},"end":{"line":207,"column":8}}]},"11":{"line":283,"type":"if","locations":[{"start":{"line":283,"column":8},"end":{"line":283,"column":8}},{"start":{"line":283,"column":8},"end":{"line":283,"column":8}}]},"12":{"line":297,"type":"if","locations":[{"start":{"line":297,"column":8},"end":{"line":297,"column":8}},{"start":{"line":297,"column":8},"end":{"line":297,"column":8}}]},"13":{"line":314,"type":"if","locations":[{"start":{"line":314,"column":8},"end":{"line":314,"column":8}},{"start":{"line":314,"column":8},"end":{"line":314,"column":8}}]},"14":{"line":317,"type":"if","locations":[{"start":{"line":317,"column":12},"end":{"line":317,"column":12}},{"start":{"line":317,"column":12},"end":{"line":317,"column":12}}]},"15":{"line":318,"type":"if","locations":[{"start":{"line":318,"column":15},"end":{"line":318,"column":15}},{"start":{"line":318,"column":15},"end":{"line":318,"column":15}}]},"16":{"line":324,"type":"if","locations":[{"start":{"line":324,"column":12},"end":{"line":324,"column":12}},{"start":{"line":324,"column":12},"end":{"line":324,"column":12}}]},"17":{"line":333,"type":"if","locations":[{"start":{"line":333,"column":8},"end":{"line":333,"column":8}},{"start":{"line":333,"column":8},"end":{"line":333,"column":8}}]}}},
"contracts\\vesting\\IVesting.sol":{"l":{},"path":"D:\\nft-marketplace-dev\\nft-marketplace\\contracts\\vesting\\IVesting.sol","s":{},"b":{},"f":{},"fnMap":{},"statementMap":{},"branchMap":{}},
"contracts\\vesting\\Vesting.sol":{"l":{"38":0,"44":2,"51":3,"52":3,"57":0,"58":0,"59":0,"63":0,"64":0,"70":6,"71":6,"72":6,"73":6,"74":6,"76":6,"81":5,"92":6,"93":5,"94":5,"95":4,"96":3,"97":2,"98":1,"99":1,"100":1,"101":1,"102":1,"103":1,"104":1,"105":1,"106":1,"107":1,"119":0,"121":0,"122":0,"123":0,"124":0,"125":0,"126":0,"127":0,"128":0,"130":0,"132":0,"133":0,"137":0,"138":0,"142":0,"143":0,"147":0,"148":0,"152":0,"153":0,"157":0,"161":7,"163":7,"164":7,"165":7,"166":7,"167":7,"168":7,"169":7,"170":7,"172":7,"174":7,"175":7,"179":0,"180":0,"184":0,"185":0,"189":0,"190":0,"194":0,"195":0,"199":7,"212":13,"214":13,"215":12,"216":11,"217":10,"218":9,"219":8,"221":7,"222":7,"223":7,"224":7,"225":7,"226":7,"229":7,"230":7,"231":7,"232":0,"234":7,"236":7,"237":7,"238":6,"240":6,"256":0,"267":1,"268":1,"269":1,"270":1,"271":1,"272":1,"273":1,"287":5,"288":5,"289":5,"290":5,"291":5,"292":5,"293":5,"294":5,"295":5,"296":5,"300":6,"302":6,"303":6,"306":6,"307":7,"310":3,"314":6,"315":6,"316":6,"317":6,"318":3,"319":3,"320":3,"321":3,"322":3,"323":3,"324":3,"325":3,"327":3,"328":1,"331":6,"332":6,"333":2,"336":6,"340":11,"341":11,"342":11,"343":11,"344":11,"345":6,"346":0,"348":6,"349":6,"350":6,"351":6,"352":6,"353":6,"355":6,"357":4,"359":11},"path":"D:\\nft-marketplace-dev\\nft-marketplace\\contracts\\vesting\\Vesting.sol","s":{"1":0,"2":2,"3":3,"4":3,"5":0,"6":0,"7":0,"8":0,"9":0,"10":6,"11":6,"12":6,"13":6,"14":6,"15":6,"16":5,"17":6,"18":5,"19":5,"20":4,"21":3,"22":2,"23":1,"24":1,"25":1,"26":1,"27":1,"28":1,"29":1,"30":1,"31":1,"32":1,"33":0,"34":0,"35":0,"36":0,"37":0,"38":0,"39":0,"40":0,"41":0,"42":0,"43":0,"44":0,"45":0,"46":0,"47":0,"48":0,"49":0,"50":0,"51":0,"52":0,"53":0,"54":0,"55":0,"56":0,"57":7,"58":7,"59":7,"60":7,"61":7,"62":7,"63":7,"64":7,"65":7,"66":7,"67":7,"68":7,"69":0,"70":0,"71":0,"72":0,"73":0,"74":0,"75":0,"76":0,"77":0,"78":0,"79":0,"80":7,"81":13,"82":13,"83":12,"84":11,"85":10,"86":9,"87":8,"88":7,"89":7,"90":7,"91":7,"92":7,"93":7,"94":7,"95":7,"96":7,"97":0,"98":7,"99":7,"100":7,"101":6,"102":6,"103":0,"104":1,"105":1,"106":1,"107":1,"108":1,"109":1,"110":1,"111":5,"112":5,"113":5,"114":5,"115":5,"116":5,"117":5,"118":5,"119":5,"120":5,"121":6,"122":6,"123":6,"124":6,"125":7,"126":6,"127":6,"128":6,"129":6,"130":3,"131":3,"132":3,"133":3,"134":3,"135":3,"136":3,"137":3,"138":1,"139":6,"140":6,"141":2,"142":6,"143":11,"144":11,"145":11,"146":11,"147":11,"148":6,"149":0,"150":6,"151":6,"152":6,"153":6,"154":6,"155":6,"156":6,"157":5,"158":4,"159":11},"b":{"1":[6,0],"2":[6,0],"3":[5,1],"4":[5,0],"5":[4,1],"6":[3,1],"7":[2,1],"8":[1,1],"9":[0,0],"10":[0,0],"11":[0,0],"12":[0,0],"13":[7,0],"14":[0,0],"15":[0,0],"16":[0,0],"17":[12,1],"18":[11,1],"19":[10,1],"20":[9,1],"21":[8,1],"22":[7,1],"23":[0,7],"24":[6,1],"25":[6,0],"26":[3,4],"27":[3,0],"28":[1,2],"29":[6,0],"30":[2,4],"31":[6,5],"32":[0,6],"33":[6,0],"34":[4,1]},"f":{"1":0,"2":2,"3":3,"4":0,"5":0,"6":6,"7":6,"8":0,"9":7,"10":13,"11":0,"12":1,"13":5,"14":6,"15":11},"fnMap":{"1":{"name":"supportsInterface","line":32,"loc":{"start":{"line":32,"column":4},"end":{"line":41,"column":4}}},"2":{"name":"signature","line":43,"loc":{"start":{"line":43,"column":4},"end":{"line":45,"column":4}}},"3":{"name":"initialize","line":49,"loc":{"start":{"line":47,"column":4},"end":{"line":53,"column":4}}},"4":{"name":"emergencyWithdraw","line":56,"loc":{"start":{"line":56,"column":4},"end":{"line":60,"column":4}}},"5":{"name":"setPreventiveWallet","line":62,"loc":{"start":{"line":62,"column":4},"end":{"line":65,"column":4}}},"6":{"name":"addToken","line":68,"loc":{"start":{"line":68,"column":4},"end":{"line":82,"column":4}}},"7":{"name":"newSchemeInformation","line":91,"loc":{"start":{"line":84,"column":4},"end":{"line":116,"column":4}}},"8":{"name":"_computePeriodTime","line":118,"loc":{"start":{"line":118,"column":4},"end":{"line":158,"column":4}}},"9":{"name":"_computePeriodTimeTest","line":160,"loc":{"start":{"line":160,"column":4},"end":{"line":200,"column":4}}},"10":{"name":"newVestingInformation","line":211,"loc":{"start":{"line":202,"column":4},"end":{"line":253,"column":4}}},"11":{"name":"getListVestIdsByWallet","line":255,"loc":{"start":{"line":255,"column":4},"end":{"line":257,"column":4}}},"12":{"name":"getSchemeInforById","line":259,"loc":{"start":{"line":259,"column":4},"end":{"line":274,"column":4}}},"13":{"name":"getVestingInforById","line":276,"loc":{"start":{"line":276,"column":4},"end":{"line":297,"column":4}}},"14":{"name":"claim","line":299,"loc":{"start":{"line":299,"column":4},"end":{"line":337,"column":4}}},"15":{"name":"_getAmountCanClaim","line":339,"loc":{"start":{"line":339,"column":4},"end":{"line":360,"column":4}}}},"statementMap":{"1":{"start":{"line":38,"column":8},"end":{"line":38,"column":1466}},"2":{"start":{"line":44,"column":8},"end":{"line":44,"column":41}},"3":{"start":{"line":51,"column":8},"end":{"line":51,"column":32}},"4":{"start":{"line":52,"column":8},"end":{"line":52,"column":43}},"5":{"start":{"line":57,"column":8},"end":{"line":57,"column":87}},"6":{"start":{"line":58,"column":8},"end":{"line":58,"column":79}},"7":{"start":{"line":59,"column":8},"end":{"line":59,"column":63}},"8":{"start":{"line":63,"column":8},"end":{"line":63,"column":43}},"9":{"start":{"line":64,"column":8},"end":{"line":64,"column":47}},"10":{"start":{"line":70,"column":8},"end":{"line":70,"column":74}},"11":{"start":{"line":71,"column":8},"end":{"line":71,"column":79}},"12":{"start":{"line":72,"column":8},"end":{"line":72,"column":97}},"13":{"start":{"line":73,"column":8},"end":{"line":73,"column":2818}},"14":{"start":{"line":74,"column":12},"end":{"line":74,"column":33}},"15":{"start":{"line":76,"column":8},"end":{"line":76,"column":2905}},"16":{"start":{"line":81,"column":8},"end":{"line":81,"column":42}},"17":{"start":{"line":92,"column":8},"end":{"line":92,"column":50}},"18":{"start":{"line":93,"column":8},"end":{"line":93,"column":53}},"19":{"start":{"line":94,"column":8},"end":{"line":94,"column":57}},"20":{"start":{"line":95,"column":8},"end":{"line":95,"column":66}},"21":{"start":{"line":96,"column":8},"end":{"line":96,"column":61}},"22":{"start":{"line":97,"column":8},"end":{"line":97,"column":67}},"23":{"start":{"line":98,"column":8},"end":{"line":98,"column":29}},"24":{"start":{"line":99,"column":8},"end":{"line":99,"column":41}},"25":{"start":{"line":100,"column":8},"end":{"line":100,"column":62}},"26":{"start":{"line":101,"column":8},"end":{"line":101,"column":45}},"27":{"start":{"line":102,"column":8},"end":{"line":102,"column":29}},"28":{"start":{"line":103,"column":8},"end":{"line":103,"column":37}},"29":{"start":{"line":104,"column":8},"end":{"line":104,"column":39}},"30":{"start":{"line":105,"column":8},"end":{"line":105,"column":45}},"31":{"start":{"line":106,"column":8},"end":{"line":106,"column":41}},"32":{"start":{"line":107,"column":8},"end":{"line":107,"column":4135}},"33":{"start":{"line":119,"column":8},"end":{"line":119,"column":67}},"34":{"start":{"line":121,"column":8},"end":{"line":121,"column":30}},"35":{"start":{"line":122,"column":8},"end":{"line":122,"column":33}},"36":{"start":{"line":123,"column":8},"end":{"line":123,"column":35}},"37":{"start":{"line":124,"column":8},"end":{"line":124,"column":38}},"38":{"start":{"line":125,"column":8},"end":{"line":125,"column":37}},"39":{"start":{"line":126,"column":8},"end":{"line":126,"column":59}},"40":{"start":{"line":127,"column":8},"end":{"line":127,"column":31}},"41":{"start":{"line":128,"column":8},"end":{"line":128,"column":30}},"42":{"start":{"line":130,"column":8},"end":{"line":130,"column":4986}},"43":{"start":{"line":132,"column":12},"end":{"line":132,"column":51}},"44":{"start":{"line":133,"column":12},"end":{"line":133,"column":27}},"45":{"start":{"line":135,"column":15},"end":{"line":135,"column":5116}},"46":{"start":{"line":137,"column":12},"end":{"line":137,"column":62}},"47":{"start":{"line":138,"column":12},"end":{"line":138,"column":28}},"48":{"start":{"line":140,"column":15},"end":{"line":140,"column":5259}},"49":{"start":{"line":142,"column":12},"end":{"line":142,"column":63}},"50":{"start":{"line":143,"column":12},"end":{"line":143,"column":29}},"51":{"start":{"line":145,"column":15},"end":{"line":145,"column":5404}},"52":{"start":{"line":147,"column":12},"end":{"line":147,"column":64}},"53":{"start":{"line":148,"column":12},"end":{"line":148,"column":30}},"54":{"start":{"line":152,"column":12},"end":{"line":152,"column":62}},"55":{"start":{"line":153,"column":12},"end":{"line":153,"column":28}},"56":{"start":{"line":157,"column":8},"end":{"line":157,"column":40}},"57":{"start":{"line":161,"column":8},"end":{"line":161,"column":67}},"58":{"start":{"line":163,"column":8},"end":{"line":163,"column":24}},"59":{"start":{"line":164,"column":8},"end":{"line":164,"column":27}},"60":{"start":{"line":165,"column":8},"end":{"line":165,"column":29}},"61":{"start":{"line":166,"column":8},"end":{"line":166,"column":32}},"62":{"start":{"line":167,"column":8},"end":{"line":167,"column":31}},"63":{"start":{"line":168,"column":8},"end":{"line":168,"column":59}},"64":{"start":{"line":169,"column":8},"end":{"line":169,"column":31}},"65":{"start":{"line":170,"column":8},"end":{"line":170,"column":30}},"66":{"start":{"line":172,"column":8},"end":{"line":172,"column":6287}},"67":{"start":{"line":174,"column":12},"end":{"line":174,"column":51}},"68":{"start":{"line":175,"column":12},"end":{"line":175,"column":27}},"69":{"start":{"line":177,"column":15},"end":{"line":177,"column":6417}},"70":{"start":{"line":179,"column":12},"end":{"line":179,"column":62}},"71":{"start":{"line":180,"column":12},"end":{"line":180,"column":28}},"72":{"start":{"line":182,"column":15},"end":{"line":182,"column":6560}},"73":{"start":{"line":184,"column":12},"end":{"line":184,"column":63}},"74":{"start":{"line":185,"column":12},"end":{"line":185,"column":29}},"75":{"start":{"line":187,"column":15},"end":{"line":187,"column":6705}},"76":{"start":{"line":189,"column":12},"end":{"line":189,"column":64}},"77":{"start":{"line":190,"column":12},"end":{"line":190,"column":30}},"78":{"start":{"line":194,"column":12},"end":{"line":194,"column":62}},"79":{"start":{"line":195,"column":12},"end":{"line":195,"column":28}},"80":{"start":{"line":199,"column":8},"end":{"line":199,"column":40}},"81":{"start":{"line":212,"column":8},"end":{"line":212,"column":68}},"82":{"start":{"line":214,"column":8},"end":{"line":214,"column":48}},"83":{"start":{"line":215,"column":8},"end":{"line":215,"column":61}},"84":{"start":{"line":216,"column":8},"end":{"line":216,"column":54}},"85":{"start":{"line":217,"column":8},"end":{"line":217,"column":50}},"86":{"start":{"line":218,"column":8},"end":{"line":218,"column":54}},"87":{"start":{"line":219,"column":8},"end":{"line":219,"column":65}},"88":{"start":{"line":221,"column":8},"end":{"line":221,"column":30}},"89":{"start":{"line":222,"column":8},"end":{"line":222,"column":85}},"90":{"start":{"line":223,"column":8},"end":{"line":223,"column":67}},"91":{"start":{"line":224,"column":8},"end":{"line":224,"column":44}},"92":{"start":{"line":225,"column":8},"end":{"line":225,"column":34}},"93":{"start":{"line":226,"column":8},"end":{"line":226,"column":38}},"94":{"start":{"line":229,"column":8},"end":{"line":229,"column":63}},"95":{"start":{"line":230,"column":8},"end":{"line":230,"column":46}},"96":{"start":{"line":231,"column":8},"end":{"line":231,"column":8263}},"97":{"start":{"line":232,"column":12},"end":{"line":232,"column":105}},"98":{"start":{"line":234,"column":12},"end":{"line":234,"column":109}},"99":{"start":{"line":236,"column":8},"end":{"line":236,"column":29}},"100":{"start":{"line":237,"column":8},"end":{"line":237,"column":8573}},"101":{"start":{"line":238,"column":12},"end":{"line":238,"column":57}},"102":{"start":{"line":240,"column":8},"end":{"line":240,"column":8679}},"103":{"start":{"line":256,"column":8},"end":{"line":256,"column":44}},"104":{"start":{"line":267,"column":8},"end":{"line":267,"column":68}},"105":{"start":{"line":268,"column":8},"end":{"line":268,"column":29}},"106":{"start":{"line":269,"column":8},"end":{"line":269,"column":45}},"107":{"start":{"line":270,"column":8},"end":{"line":270,"column":45}},"108":{"start":{"line":271,"column":8},"end":{"line":271,"column":37}},"109":{"start":{"line":272,"column":8},"end":{"line":272,"column":39}},"110":{"start":{"line":273,"column":8},"end":{"line":273,"column":41}},"111":{"start":{"line":287,"column":8},"end":{"line":287,"column":74}},"112":{"start":{"line":288,"column":8},"end":{"line":288,"column":34}},"113":{"start":{"line":289,"column":8},"end":{"line":289,"column":44}},"114":{"start":{"line":290,"column":8},"end":{"line":290,"column":46}},"115":{"start":{"line":291,"column":8},"end":{"line":291,"column":38}},"116":{"start":{"line":292,"column":8},"end":{"line":292,"column":40}},"117":{"start":{"line":293,"column":8},"end":{"line":293,"column":34}},"118":{"start":{"line":294,"column":8},"end":{"line":294,"column":52}},"119":{"start":{"line":295,"column":8},"end":{"line":295,"column":42}},"120":{"start":{"line":296,"column":8},"end":{"line":296,"column":44}},"121":{"start":{"line":300,"column":8},"end":{"line":300,"column":58}},"122":{"start":{"line":302,"column":8},"end":{"line":302,"column":32}},"123":{"start":{"line":303,"column":8},"end":{"line":303,"column":31}},"124":{"start":{"line":306,"column":8},"end":{"line":306,"column":11002}},"125":{"start":{"line":307,"column":12},"end":{"line":307,"column":11074}},"126":{"start":{"line":314,"column":8},"end":{"line":314,"column":65}},"127":{"start":{"line":315,"column":8},"end":{"line":315,"column":61}},"128":{"start":{"line":316,"column":8},"end":{"line":316,"column":25}},"129":{"start":{"line":317,"column":8},"end":{"line":317,"column":11490}},"130":{"start":{"line":318,"column":12},"end":{"line":318,"column":86}},"131":{"start":{"line":319,"column":12},"end":{"line":319,"column":11647}},"132":{"start":{"line":320,"column":16},"end":{"line":320,"column":75}},"133":{"start":{"line":321,"column":16},"end":{"line":321,"column":58}},"134":{"start":{"line":322,"column":16},"end":{"line":322,"column":84}},"135":{"start":{"line":323,"column":16},"end":{"line":323,"column":54}},"136":{"start":{"line":324,"column":16},"end":{"line":324,"column":42}},"137":{"start":{"line":327,"column":12},"end":{"line":327,"column":12099}},"138":{"start":{"line":328,"column":16},"end":{"line":328,"column":37}},"139":{"start":{"line":331,"column":8},"end":{"line":331,"column":135}},"140":{"start":{"line":332,"column":8},"end":{"line":332,"column":12368}},"141":{"start":{"line":333,"column":12},"end":{"line":333,"column":77}},"142":{"start":{"line":336,"column":8},"end":{"line":336,"column":66}},"143":{"start":{"line":340,"column":8},"end":{"line":340,"column":73}},"144":{"start":{"line":341,"column":8},"end":{"line":341,"column":32}},"145":{"start":{"line":342,"column":8},"end":{"line":342,"column":77}},"146":{"start":{"line":343,"column":8},"end":{"line":343,"column":65}},"147":{"start":{"line":344,"column":8},"end":{"line":344,"column":12926}},"148":{"start":{"line":345,"column":12},"end":{"line":345,"column":13046}},"149":{"start":{"line":346,"column":16},"end":{"line":346,"column":24}},"150":{"start":{"line":348,"column":12},"end":{"line":348,"column":75}},"151":{"start":{"line":349,"column":12},"end":{"line":349,"column":77}},"152":{"start":{"line":350,"column":12},"end":{"line":350,"column":77}},"153":{"start":{"line":351,"column":12},"end":{"line":351,"column":80}},"154":{"start":{"line":352,"column":12},"end":{"line":352,"column":13482}},"155":{"start":{"line":353,"column":16},"end":{"line":353,"column":69}},"156":{"start":{"line":355,"column":12},"end":{"line":355,"column":42}},"157":{"start":{"line":356,"column":15},"end":{"line":356,"column":13675}},"158":{"start":{"line":357,"column":12},"end":{"line":357,"column":79}},"159":{"start":{"line":359,"column":8},"end":{"line":359,"column":27}}},"branchMap":{"1":{"line":72,"type":"if","locations":[{"start":{"line":72,"column":8},"end":{"line":72,"column":8}},{"start":{"line":72,"column":8},"end":{"line":72,"column":8}}]},"2":{"line":73,"type":"if","locations":[{"start":{"line":73,"column":8},"end":{"line":73,"column":8}},{"start":{"line":73,"column":8},"end":{"line":73,"column":8}}]},"3":{"line":92,"type":"if","locations":[{"start":{"line":92,"column":8},"end":{"line":92,"column":8}},{"start":{"line":92,"column":8},"end":{"line":92,"column":8}}]},"4":{"line":93,"type":"if","locations":[{"start":{"line":93,"column":8},"end":{"line":93,"column":8}},{"start":{"line":93,"column":8},"end":{"line":93,"column":8}}]},"5":{"line":94,"type":"if","locations":[{"start":{"line":94,"column":8},"end":{"line":94,"column":8}},{"start":{"line":94,"column":8},"end":{"line":94,"column":8}}]},"6":{"line":95,"type":"if","locations":[{"start":{"line":95,"column":8},"end":{"line":95,"column":8}},{"start":{"line":95,"column":8},"end":{"line":95,"column":8}}]},"7":{"line":96,"type":"if","locations":[{"start":{"line":96,"column":8},"end":{"line":96,"column":8}},{"start":{"line":96,"column":8},"end":{"line":96,"column":8}}]},"8":{"line":97,"type":"if","locations":[{"start":{"line":97,"column":8},"end":{"line":97,"column":8}},{"start":{"line":97,"column":8},"end":{"line":97,"column":8}}]},"9":{"line":130,"type":"if","locations":[{"start":{"line":130,"column":8},"end":{"line":130,"column":8}},{"start":{"line":130,"column":8},"end":{"line":130,"column":8}}]},"10":{"line":135,"type":"if","locations":[{"start":{"line":135,"column":15},"end":{"line":135,"column":15}},{"start":{"line":135,"column":15},"end":{"line":135,"column":15}}]},"11":{"line":140,"type":"if","locations":[{"start":{"line":140,"column":15},"end":{"line":140,"column":15}},{"start":{"line":140,"column":15},"end":{"line":140,"column":15}}]},"12":{"line":145,"type":"if","locations":[{"start":{"line":145,"column":15},"end":{"line":145,"column":15}},{"start":{"line":145,"column":15},"end":{"line":145,"column":15}}]},"13":{"line":172,"type":"if","locations":[{"start":{"line":172,"column":8},"end":{"line":172,"column":8}},{"start":{"line":172,"column":8},"end":{"line":172,"column":8}}]},"14":{"line":177,"type":"if","locations":[{"start":{"line":177,"column":15},"end":{"line":177,"column":15}},{"start":{"line":177,"column":15},"end":{"line":177,"column":15}}]},"15":{"line":182,"type":"if","locations":[{"start":{"line":182,"column":15},"end":{"line":182,"column":15}},{"start":{"line":182,"column":15},"end":{"line":182,"column":15}}]},"16":{"line":187,"type":"if","locations":[{"start":{"line":187,"column":15},"end":{"line":187,"column":15}},{"start":{"line":187,"column":15},"end":{"line":187,"column":15}}]},"17":{"line":214,"type":"if","locations":[{"start":{"line":214,"column":8},"end":{"line":214,"column":8}},{"start":{"line":214,"column":8},"end":{"line":214,"column":8}}]},"18":{"line":215,"type":"if","locations":[{"start":{"line":215,"column":8},"end":{"line":215,"column":8}},{"start":{"line":215,"column":8},"end":{"line":215,"column":8}}]},"19":{"line":216,"type":"if","locations":[{"start":{"line":216,"column":8},"end":{"line":216,"column":8}},{"start":{"line":216,"column":8},"end":{"line":216,"column":8}}]},"20":{"line":217,"type":"if","locations":[{"start":{"line":217,"column":8},"end":{"line":217,"column":8}},{"start":{"line":217,"column":8},"end":{"line":217,"column":8}}]},"21":{"line":218,"type":"if","locations":[{"start":{"line":218,"column":8},"end":{"line":218,"column":8}},{"start":{"line":218,"column":8},"end":{"line":218,"column":8}}]},"22":{"line":219,"type":"if","locations":[{"start":{"line":219,"column":8},"end":{"line":219,"column":8}},{"start":{"line":219,"column":8},"end":{"line":219,"column":8}}]},"23":{"line":231,"type":"if","locations":[{"start":{"line":231,"column":8},"end":{"line":231,"column":8}},{"start":{"line":231,"column":8},"end":{"line":231,"column":8}}]},"24":{"line":237,"type":"if","locations":[{"start":{"line":237,"column":8},"end":{"line":237,"column":8}},{"start":{"line":237,"column":8},"end":{"line":237,"column":8}}]},"25":{"line":300,"type":"if","locations":[{"start":{"line":300,"column":8},"end":{"line":300,"column":8}},{"start":{"line":300,"column":8},"end":{"line":300,"column":8}}]},"26":{"line":307,"type":"if","locations":[{"start":{"line":307,"column":12},"end":{"line":307,"column":12}},{"start":{"line":307,"column":12},"end":{"line":307,"column":12}}]},"27":{"line":319,"type":"if","locations":[{"start":{"line":319,"column":12},"end":{"line":319,"column":12}},{"start":{"line":319,"column":12},"end":{"line":319,"column":12}}]},"28":{"line":327,"type":"if","locations":[{"start":{"line":327,"column":12},"end":{"line":327,"column":12}},{"start":{"line":327,"column":12},"end":{"line":327,"column":12}}]},"29":{"line":331,"type":"if","locations":[{"start":{"line":331,"column":8},"end":{"line":331,"column":8}},{"start":{"line":331,"column":8},"end":{"line":331,"column":8}}]},"30":{"line":332,"type":"if","locations":[{"start":{"line":332,"column":8},"end":{"line":332,"column":8}},{"start":{"line":332,"column":8},"end":{"line":332,"column":8}}]},"31":{"line":344,"type":"if","locations":[{"start":{"line":344,"column":8},"end":{"line":344,"column":8}},{"start":{"line":344,"column":8},"end":{"line":344,"column":8}}]},"32":{"line":345,"type":"if","locations":[{"start":{"line":345,"column":12},"end":{"line":345,"column":12}},{"start":{"line":345,"column":12},"end":{"line":345,"column":12}}]},"33":{"line":352,"type":"if","locations":[{"start":{"line":352,"column":12},"end":{"line":352,"column":12}},{"start":{"line":352,"column":12},"end":{"line":352,"column":12}}]},"34":{"line":356,"type":"if","locations":[{"start":{"line":356,"column":15},"end":{"line":356,"column":15}},{"start":{"line":356,"column":15},"end":{"line":356,"column":15}}]}}}}
