TN:
SF:D:\nft-marketplace-dev\nft-marketplace\contracts\access\DFY-AccessControl.sol
FN:29,__DFYAccessControl_init
FN:35,__DFYAccessControl_init_unchained
FN:49,changeContractAdmin
FNF:3
FNH:0
FNDA:0,__DFYAccessControl_init
FNDA:0,__DFYAccessControl_init_unchained
FNDA:0,changeContractAdmin
DA:30,0
DA:32,0
DA:36,0
DA:37,0
DA:38,0
DA:41,0
DA:51,0
DA:53,0
DA:54,0
DA:56,0
LF:10
LH:0
BRDA:51,1,0,0
BRDA:51,1,1,0
BRF:2
BRH:0
end_of_record
TN:
SF:D:\nft-marketplace-dev\nft-marketplace\contracts\auction\AuctionNFT.sol
FN:23,initialize
FN:29,supportsInterface
FN:40,signature
FN:54,putOnAuction
FN:129,approveAuction
FN:163,buyOut
FN:208,bid
FN:300,_buyOut
FN:386,finishAuction
FN:471,cancelAuction
FN:500,_calculateAuctionFees
FN:525,_isTokenOnSales
FNF:12
FNH:0
FNDA:0,initialize
FNDA:0,supportsInterface
FNDA:0,signature
FNDA:0,putOnAuction
FNDA:0,approveAuction
FNDA:0,buyOut
FNDA:0,bid
FNDA:0,_buyOut
FNDA:0,finishAuction
FNDA:0,cancelAuction
FNDA:0,_calculateAuctionFees
FNDA:0,_isTokenOnSales
DA:24,0
DA:35,0
DA:41,0
DA:56,0
DA:61,0
DA:65,0
DA:72,0
DA:74,0
DA:80,0
DA:86,0
DA:93,0
DA:95,0
DA:96,0
DA:97,0
DA:98,0
DA:99,0
DA:100,0
DA:101,0
DA:102,0
DA:103,0
DA:104,0
DA:105,0
DA:106,0
DA:107,0
DA:109,0
DA:112,0
DA:118,0
DA:131,0
DA:132,0
DA:138,0
DA:143,0
DA:144,0
DA:146,0
DA:153,0
DA:156,0
DA:165,0
DA:166,0
DA:170,0
DA:174,0
DA:178,0
DA:184,0
DA:185,0
DA:187,0
DA:190,0
DA:199,0
DA:200,0
DA:201,0
DA:210,0
DA:212,0
DA:217,0
DA:222,0
DA:224,0
DA:229,0
DA:231,0
DA:238,0
DA:239,0
DA:243,0
DA:244,0
DA:251,0
DA:254,0
DA:255,0
DA:257,0
DA:260,0
DA:268,0
DA:269,0
DA:272,0
DA:276,0
DA:279,0
DA:286,0
DA:302,0
DA:308,0
DA:318,0
DA:319,0
DA:324,0
DA:326,0
DA:330,0
DA:338,0
DA:345,0
DA:347,0
DA:357,0
DA:365,0
DA:372,0
DA:388,0
DA:389,0
DA:394,0
DA:400,0
DA:409,0
DA:410,0
DA:413,0
DA:415,0
DA:417,0
DA:423,0
DA:425,0
DA:434,0
DA:441,0
DA:449,0
DA:457,0
DA:459,0
DA:473,0
DA:475,0
DA:479,0
DA:490,0
DA:496,0
DA:497,0
DA:509,0
DA:512,0
DA:515,0
DA:517,0
DA:531,0
DA:535,0
DA:538,0
LF:111
LH:0
BRDA:56,1,0,0
BRDA:56,1,1,0
BRDA:61,2,0,0
BRDA:61,2,1,0
BRDA:65,3,0,0
BRDA:65,3,1,0
BRDA:72,4,0,0
BRDA:72,4,1,0
BRDA:74,5,0,0
BRDA:74,5,1,0
BRDA:80,6,0,0
BRDA:80,6,1,0
BRDA:86,7,0,0
BRDA:86,7,1,0
BRDA:132,8,0,0
BRDA:132,8,1,0
BRDA:138,9,0,0
BRDA:138,9,1,0
BRDA:143,10,0,0
BRDA:143,10,1,0
BRDA:166,11,0,0
BRDA:166,11,1,0
BRDA:170,12,0,0
BRDA:170,12,1,0
BRDA:174,13,0,0
BRDA:174,13,1,0
BRDA:178,14,0,0
BRDA:178,14,1,0
BRDA:187,15,0,0
BRDA:187,15,1,0
BRDA:212,16,0,0
BRDA:212,16,1,0
BRDA:217,17,0,0
BRDA:217,17,1,0
BRDA:222,18,0,0
BRDA:222,18,1,0
BRDA:224,19,0,0
BRDA:224,19,1,0
BRDA:229,20,0,0
BRDA:229,20,1,0
BRDA:231,21,0,0
BRDA:231,21,1,0
BRDA:238,22,0,0
BRDA:238,22,1,0
BRDA:239,23,0,0
BRDA:239,23,1,0
BRDA:243,24,0,0
BRDA:243,24,1,0
BRDA:244,25,0,0
BRDA:244,25,1,0
BRDA:251,26,0,0
BRDA:251,26,1,0
BRDA:257,27,0,0
BRDA:257,27,1,0
BRDA:272,28,0,0
BRDA:272,28,1,0
BRDA:324,29,0,0
BRDA:324,29,1,0
BRDA:345,30,0,0
BRDA:345,30,1,0
BRDA:389,31,0,0
BRDA:389,31,1,0
BRDA:413,32,0,0
BRDA:413,32,1,0
BRDA:415,33,0,0
BRDA:415,33,1,0
BRDA:423,34,0,0
BRDA:423,34,1,0
BRDA:475,35,0,0
BRDA:475,35,1,0
BRDA:479,36,0,0
BRDA:479,36,1,0
BRDA:515,37,0,0
BRDA:515,37,1,0
BRDA:535,38,0,0
BRDA:535,38,1,0
BRF:76
BRH:0
end_of_record
TN:
SF:D:\nft-marketplace-dev\nft-marketplace\contracts\auction\IAuctionNFT.sol
FNF:0
FNH:0
LF:0
LH:0
BRF:0
BRH:0
end_of_record
TN:
SF:D:\nft-marketplace-dev\nft-marketplace\contracts\base\BaseContract.sol
FN:28,__BaseContract_init
FN:34,__BaseContract_init_unchained
FN:39,onlyAdmin
FN:44,onlyOperator
FN:49,onlyPauser
FN:54,whenContractNotPaused
FN:59,_whenNotPaused
FN:63,_onlyRole
FN:74,_checkRole
FN:89,pause
FN:93,unPause
FN:97,setContractHub
FN:101,_authorizeUpgrade
FNF:13
FNH:5
FNDA:3,__BaseContract_init
FNDA:3,__BaseContract_init_unchained
FNDA:0,onlyAdmin
FNDA:27,onlyOperator
FNDA:0,onlyPauser
FNDA:0,whenContractNotPaused
FNDA:0,_whenNotPaused
FNDA:27,_onlyRole
FNDA:27,_checkRole
FNDA:0,pause
FNDA:0,unPause
FNDA:0,setContractHub
FNDA:0,_authorizeUpgrade
DA:29,3
DA:31,3
DA:35,3
DA:36,3
DA:40,0
DA:41,0
DA:45,27
DA:46,25
DA:50,0
DA:51,0
DA:55,0
DA:56,0
DA:60,0
DA:64,27
DA:75,27
DA:76,2
DA:90,0
DA:94,0
DA:98,0
LF:19
LH:9
BRDA:60,1,0,0
BRDA:60,1,1,0
BRDA:75,2,0,2
BRDA:75,2,1,25
BRF:4
BRH:2
end_of_record
TN:
SF:D:\nft-marketplace-dev\nft-marketplace\contracts\base\BaseInterface.sol
FNF:0
FNH:0
LF:0
LH:0
BRF:0
BRH:0
end_of_record
TN:
SF:D:\nft-marketplace-dev\nft-marketplace\contracts\dfy-nft\DefiForYouNFT.sol
FN:62,constructor
FN:89,safeMint
FN:117,tokensOfOwner
FN:145,setCollectionDefaultRoyaltyRate
FN:154,contractURI
FN:158,_baseURI
FN:164,_beforeTokenTransfer
FN:172,_burn
FN:179,tokenURI
FN:188,supportsInterface
FNF:10
FNH:0
FNDA:0,constructor
FNDA:0,safeMint
FNDA:0,tokensOfOwner
FNDA:0,setCollectionDefaultRoyaltyRate
FNDA:0,contractURI
FNDA:0,_baseURI
FNDA:0,_beforeTokenTransfer
FNDA:0,_burn
FNDA:0,tokenURI
FNDA:0,supportsInterface
DA:63,0
DA:64,0
DA:66,0
DA:67,0
DA:68,0
DA:70,0
DA:71,0
DA:74,0
DA:90,0
DA:93,0
DA:96,0
DA:99,0
DA:102,0
DA:104,0
DA:106,0
DA:108,0
DA:110,0
DA:123,0
DA:125,0
DA:127,0
DA:130,0
DA:131,0
DA:132,0
DA:135,0
DA:147,0
DA:149,0
DA:151,0
DA:155,0
DA:159,0
DA:169,0
DA:176,0
DA:185,0
DA:194,0
LF:33
LH:0
BRDA:70,1,0,0
BRDA:70,1,1,0
BRDA:125,2,0,0
BRDA:125,2,1,0
BRF:4
BRH:0
end_of_record
TN:
SF:D:\nft-marketplace-dev\nft-marketplace\contracts\dfy-nft\DefiForYouNFTDefault.sol
FN:62,constructor
FN:84,safeMint
FN:118,tokensOfOwner
FN:146,setCollectionDefaultRoyaltyRate
FN:155,contractURI
FN:159,_baseURI
FN:165,_beforeTokenTransfer
FN:173,_burn
FN:180,tokenURI
FN:189,supportsInterface
FNF:10
FNH:0
FNDA:0,constructor
FNDA:0,safeMint
FNDA:0,tokensOfOwner
FNDA:0,setCollectionDefaultRoyaltyRate
FNDA:0,contractURI
FNDA:0,_baseURI
FNDA:0,_beforeTokenTransfer
FNDA:0,_burn
FNDA:0,tokenURI
FNDA:0,supportsInterface
DA:63,0
DA:65,0
DA:66,0
DA:67,0
DA:73,0
DA:89,0
DA:92,0
DA:96,0
DA:100,0
DA:103,0
DA:105,0
DA:107,0
DA:109,0
DA:111,0
DA:124,0
DA:126,0
DA:128,0
DA:131,0
DA:132,0
DA:133,0
DA:136,0
DA:148,0
DA:150,0
DA:152,0
DA:156,0
DA:160,0
DA:170,0
DA:177,0
DA:186,0
DA:195,0
LF:30
LH:0
BRDA:126,1,0,0
BRDA:126,1,1,0
BRF:2
BRH:0
end_of_record
TN:
SF:D:\nft-marketplace-dev\nft-marketplace\contracts\dfy-nft\DefiForYouNFTFactory.sol
FN:19,initialize
FN:25,supportsInterface
FN:36,signature
FN:49,createCollection
FNF:4
FNH:0
FNDA:0,initialize
FNDA:0,supportsInterface
FNDA:0,signature
FNDA:0,createCollection
DA:20,0
DA:31,0
DA:37,0
DA:55,0
DA:64,0
DA:66,0
DA:68,0
DA:71,0
DA:73,0
DA:77,0
DA:85,0
LF:11
LH:0
BRDA:71,1,0,0
BRDA:71,1,1,0
BRF:2
BRH:0
end_of_record
TN:
SF:D:\nft-marketplace-dev\nft-marketplace\contracts\dfy-nft\IDFY721Factory.sol
FNF:0
FNH:0
LF:0
LH:0
BRF:0
BRH:0
end_of_record
TN:
SF:D:\nft-marketplace-dev\nft-marketplace\contracts\DToken.sol
FN:7,constructor
FNF:1
FNH:1
FNDA:3,constructor
DA:8,3
LF:1
LH:1
BRF:0
BRH:0
end_of_record
TN:
SF:D:\nft-marketplace-dev\nft-marketplace\contracts\hub\Hub.sol
FN:46,initialize
FN:67,setupRoleAdmin
FN:80,_authorizeUpgrade
FN:83,supportsInterface
FN:101,whenContractNotPaused
FN:106,_whenNotPaused
FN:110,pause
FN:114,unPause
FN:118,AdminRole
FN:122,OperatorRole
FN:126,PauserRole
FN:130,EvaluatorRole
FN:147,registerContract
FN:182,getContractAddress
FN:195,setSystemConfig
FN:206,getSystemConfig
FN:216,setWhitelistCollateral_NFT
FN:228,getWhitelistCollateral_NFT
FN:243,setPawnNFTConfig
FN:265,getPawnNFTConfig
FN:288,setWhitelistCollateral
FN:293,getWhitelistCollateral
FN:308,setPawnConfig
FN:330,getPawnConfig
FN:354,setNFTConfiguration
FN:369,setNFTMarketConfig
FN:381,getNFTCollectionConfig
FN:391,getNFTMarketConfig
FN:412,setEvaluationConfig
FN:422,getEvaluationConfig
FNF:30
FNH:3
FNDA:3,initialize
FNDA:0,setupRoleAdmin
FNDA:0,_authorizeUpgrade
FNDA:0,supportsInterface
FNDA:0,whenContractNotPaused
FNDA:0,_whenNotPaused
FNDA:0,pause
FNDA:0,unPause
FNDA:0,AdminRole
FNDA:0,OperatorRole
FNDA:0,PauserRole
FNDA:0,EvaluatorRole
FNDA:1,registerContract
FNDA:0,getContractAddress
FNDA:1,setSystemConfig
FNDA:0,getSystemConfig
FNDA:0,setWhitelistCollateral_NFT
FNDA:0,getWhitelistCollateral_NFT
FNDA:0,setPawnNFTConfig
FNDA:0,getPawnNFTConfig
FNDA:0,setWhitelistCollateral
FNDA:0,getWhitelistCollateral
FNDA:0,setPawnConfig
FNDA:0,getPawnConfig
FNDA:0,setNFTConfiguration
FNDA:0,setNFTMarketConfig
FNDA:0,getNFTCollectionConfig
FNDA:0,getNFTMarketConfig
FNDA:0,setEvaluationConfig
FNDA:0,getEvaluationConfig
DA:47,3
DA:48,3
DA:49,3
DA:51,3
DA:52,3
DA:53,3
DA:55,3
DA:58,3
DA:61,3
DA:63,3
DA:64,3
DA:69,0
DA:72,0
DA:89,0
DA:102,0
DA:103,0
DA:107,0
DA:111,0
DA:115,0
DA:119,0
DA:123,0
DA:127,0
DA:131,0
DA:149,1
DA:155,1
DA:156,1
DA:157,1
DA:159,0
DA:160,0
DA:162,0
DA:166,1
DA:171,1
DA:173,1
DA:188,0
DA:189,0
DA:190,0
DA:197,1
DA:198,1
DA:201,1
DA:202,1
DA:212,0
DA:213,0
DA:220,0
DA:225,0
DA:234,0
DA:244,0
DA:245,0
DA:248,0
DA:249,0
DA:252,0
DA:253,0
DA:256,0
DA:257,0
DA:260,0
DA:261,0
DA:277,0
DA:278,0
DA:279,0
DA:280,0
DA:281,0
DA:290,0
DA:299,0
DA:309,0
DA:310,0
DA:313,0
DA:314,0
DA:317,0
DA:318,0
DA:321,0
DA:322,0
DA:325,0
DA:326,0
DA:342,0
DA:343,0
DA:344,0
DA:345,0
DA:346,0
DA:355,0
DA:356,0
DA:360,0
DA:361,0
DA:370,0
DA:371,0
DA:373,0
DA:374,0
DA:376,0
DA:377,0
DA:387,0
DA:388,0
DA:401,0
DA:402,0
DA:403,0
DA:413,0
DA:414,0
DA:416,0
DA:428,0
DA:429,0
LF:97
LH:22
BRDA:107,1,0,0
BRDA:107,1,1,0
BRDA:149,2,0,1
BRDA:149,2,1,0
BRDA:157,3,0,0
BRDA:157,3,1,1
BRDA:197,4,0,1
BRDA:197,4,1,0
BRDA:201,5,0,1
BRDA:201,5,1,0
BRDA:220,6,0,0
BRDA:220,6,1,0
BRDA:244,7,0,0
BRDA:244,7,1,0
BRDA:248,8,0,0
BRDA:248,8,1,0
BRDA:252,9,0,0
BRDA:252,9,1,0
BRDA:256,10,0,0
BRDA:256,10,1,0
BRDA:260,11,0,0
BRDA:260,11,1,0
BRDA:309,12,0,0
BRDA:309,12,1,0
BRDA:313,13,0,0
BRDA:313,13,1,0
BRDA:317,14,0,0
BRDA:317,14,1,0
BRDA:321,15,0,0
BRDA:321,15,1,0
BRDA:325,16,0,0
BRDA:325,16,1,0
BRDA:355,17,0,0
BRDA:355,17,1,0
BRDA:360,18,0,0
BRDA:360,18,1,0
BRDA:370,19,0,0
BRDA:370,19,1,0
BRDA:373,20,0,0
BRDA:373,20,1,0
BRDA:376,21,0,0
BRDA:376,21,1,0
BRDA:413,22,0,0
BRDA:413,22,1,0
BRDA:414,23,0,0
BRDA:414,23,1,0
BRF:46
BRH:4
end_of_record
TN:
SF:D:\nft-marketplace-dev\nft-marketplace\contracts\hub\HubInterface.sol
FNF:0
FNH:0
LF:0
LH:0
BRF:0
BRH:0
end_of_record
TN:
SF:D:\nft-marketplace-dev\nft-marketplace\contracts\hub\HubLib.sol
FNF:0
FNH:0
LF:0
LH:0
BRF:0
BRH:0
end_of_record
TN:
SF:D:\nft-marketplace-dev\nft-marketplace\contracts\libs\ArrayLib.sol
FN:9,checkExistsInArray
FN:22,divRoundV2
FN:39,divRound
FN:44,checkExistsInArray
FN:57,removeOutOfArray
FN:66,removeOutOfArray
FN:75,removeOutOfArrayUnchangedPosition
FN:87,removeOutOfArrayUnchangedPosition
FNF:8
FNH:1
FNDA:0,checkExistsInArray
FNDA:0,divRoundV2
FNDA:6,divRound
FNDA:0,checkExistsInArray
FNDA:0,removeOutOfArray
FNDA:0,removeOutOfArray
FNDA:0,removeOutOfArrayUnchangedPosition
FNDA:0,removeOutOfArrayUnchangedPosition
DA:14,0
DA:15,0
DA:16,0
DA:17,0
DA:26,0
DA:27,0
DA:28,0
DA:30,0
DA:31,0
DA:33,0
DA:35,0
DA:36,0
DA:40,6
DA:41,6
DA:49,0
DA:50,0
DA:51,0
DA:52,0
DA:61,0
DA:62,0
DA:63,0
DA:70,0
DA:71,0
DA:72,0
DA:79,0
DA:80,0
DA:81,0
DA:83,0
DA:84,0
DA:91,0
DA:92,0
DA:93,0
DA:95,0
DA:96,0
LF:34
LH:2
BRDA:15,1,0,0
BRDA:15,1,1,0
BRDA:30,2,0,0
BRDA:30,2,1,0
BRDA:50,3,0,0
BRDA:50,3,1,0
BRDA:79,4,0,0
BRDA:79,4,1,0
BRDA:91,5,0,0
BRDA:91,5,1,0
BRF:10
BRH:0
end_of_record
TN:
SF:D:\nft-marketplace-dev\nft-marketplace\contracts\libs\CommonLib.sol
FN:27,safeTransfer
FN:76,calculateAmount
FN:95,calculateSystemFee
FN:108,abs
FN:112,getSecondsOfDuration
FNF:5
FNH:0
FNDA:0,safeTransfer
FNDA:0,calculateAmount
FNDA:0,calculateSystemFee
FNDA:0,abs
FNDA:0,getSecondsOfDuration
DA:33,0
DA:34,0
DA:36,0
DA:40,0
DA:41,0
DA:44,0
DA:48,0
DA:49,0
DA:53,0
DA:55,0
DA:57,0
DA:62,0
DA:64,0
DA:81,0
DA:83,0
DA:86,0
DA:100,0
DA:109,0
DA:117,0
DA:118,0
DA:120,0
LF:21
LH:0
BRDA:33,1,0,0
BRDA:33,1,1,0
BRDA:34,2,0,0
BRDA:34,2,1,0
BRDA:36,3,0,0
BRDA:36,3,1,0
BRDA:38,4,0,0
BRDA:38,4,1,0
BRDA:41,5,0,0
BRDA:41,5,1,0
BRDA:44,6,0,0
BRDA:44,6,1,0
BRDA:49,7,0,0
BRDA:49,7,1,0
BRDA:53,8,0,0
BRDA:53,8,1,0
BRDA:57,9,0,0
BRDA:57,9,1,0
BRDA:64,10,0,0
BRDA:64,10,1,0
BRDA:81,11,0,0
BRDA:81,11,1,0
BRDA:117,12,0,0
BRDA:117,12,1,0
BRDA:119,13,0,0
BRDA:119,13,1,0
BRF:26
BRH:0
end_of_record
TN:
SF:D:\nft-marketplace-dev\nft-marketplace\contracts\market\ISellNFT.sol
FNF:0
FNH:0
LF:0
LH:0
BRF:0
BRH:0
end_of_record
TN:
SF:D:\nft-marketplace-dev\nft-marketplace\contracts\market\SellNFT.sol
FN:30,initialize
FN:36,supportsInterface
FN:47,signature
FN:58,putOnSales
FN:120,cancelListing
FN:141,buyNFT
FN:250,isTokenOnSales
FN:254,_calculateOrderFees
FN:307,_verifyOrderInfo
FNF:9
FNH:0
FNDA:0,initialize
FNDA:0,supportsInterface
FNDA:0,signature
FNDA:0,putOnSales
FNDA:0,cancelListing
FNDA:0,buyNFT
FNDA:0,isTokenOnSales
FNDA:0,_calculateOrderFees
FNDA:0,_verifyOrderInfo
DA:31,0
DA:42,0
DA:48,0
DA:59,0
DA:67,0
DA:73,0
DA:77,0
DA:84,0
DA:86,0
DA:88,0
DA:89,0
DA:90,0
DA:91,0
DA:92,0
DA:93,0
DA:94,0
DA:96,0
DA:98,0
DA:102,0
DA:104,0
DA:108,0
DA:114,0
DA:122,0
DA:124,0
DA:127,0
DA:132,0
DA:134,0
DA:143,0
DA:145,0
DA:147,0
DA:149,0
DA:156,0
DA:162,0
DA:175,0
DA:177,0
DA:180,0
DA:184,0
DA:185,0
DA:186,0
DA:192,0
DA:200,0
DA:207,0
DA:209,0
DA:218,0
DA:227,0
DA:233,0
DA:247,0
DA:251,0
DA:270,0
DA:273,0
DA:276,0
DA:283,0
DA:288,0
DA:297,0
DA:299,0
DA:300,0
DA:301,0
DA:314,0
DA:315,0
DA:317,0
DA:321,0
DA:324,0
DA:330,0
DA:333,0
LF:64
LH:0
BRDA:67,1,0,0
BRDA:67,1,1,0
BRDA:73,2,0,0
BRDA:73,2,1,0
BRDA:77,3,0,0
BRDA:77,3,1,0
BRDA:84,4,0,0
BRDA:84,4,1,0
BRDA:124,5,0,0
BRDA:124,5,1,0
BRDA:145,6,0,0
BRDA:145,6,1,0
BRDA:147,7,0,0
BRDA:147,7,1,0
BRDA:180,8,0,0
BRDA:180,8,1,0
BRDA:184,9,0,0
BRDA:184,9,1,0
BRDA:207,10,0,0
BRDA:207,10,1,0
BRDA:283,11,0,0
BRDA:283,11,1,0
BRDA:297,12,0,0
BRDA:297,12,1,0
BRDA:314,13,0,0
BRDA:314,13,1,0
BRDA:317,14,0,0
BRDA:317,14,1,0
BRDA:318,15,0,0
BRDA:318,15,1,0
BRDA:324,16,0,0
BRDA:324,16,1,0
BRDA:333,17,0,0
BRDA:333,17,1,0
BRF:34
BRH:0
end_of_record
TN:
SF:D:\nft-marketplace-dev\nft-marketplace\contracts\vesting\IVesting.sol
FNF:0
FNH:0
LF:0
LH:0
BRF:0
BRH:0
end_of_record
TN:
SF:D:\nft-marketplace-dev\nft-marketplace\contracts\vesting\Vesting.sol
FN:32,supportsInterface
FN:43,signature
FN:49,initialize
FN:56,emergencyWithdraw
FN:62,setPreventiveWallet
FN:68,addToken
FN:91,newSchemeInformation
FN:118,_computePeriodTime
FN:160,_computePeriodTimeTest
FN:211,newVestingInformation
FN:255,getListVestIdsByWallet
FN:259,getSchemeInforById
FN:276,getVestingInforById
FN:299,claim
FN:339,_getAmountCanClaim
FNF:15
FNH:10
FNDA:0,supportsInterface
FNDA:2,signature
FNDA:3,initialize
FNDA:0,emergencyWithdraw
FNDA:0,setPreventiveWallet
FNDA:6,addToken
FNDA:6,newSchemeInformation
FNDA:0,_computePeriodTime
FNDA:7,_computePeriodTimeTest
FNDA:13,newVestingInformation
FNDA:0,getListVestIdsByWallet
FNDA:1,getSchemeInforById
FNDA:5,getVestingInforById
FNDA:6,claim
FNDA:11,_getAmountCanClaim
DA:38,0
DA:44,2
DA:51,3
DA:52,3
DA:57,0
DA:58,0
DA:59,0
DA:63,0
DA:64,0
DA:70,6
DA:71,6
DA:72,6
DA:73,6
DA:74,6
DA:76,6
DA:81,5
DA:92,6
DA:93,5
DA:94,5
DA:95,4
DA:96,3
DA:97,2
DA:98,1
DA:99,1
DA:100,1
DA:101,1
DA:102,1
DA:103,1
DA:104,1
DA:105,1
DA:106,1
DA:107,1
DA:119,0
DA:121,0
DA:122,0
DA:123,0
DA:124,0
DA:125,0
DA:126,0
DA:127,0
DA:128,0
DA:130,0
DA:132,0
DA:133,0
DA:137,0
DA:138,0
DA:142,0
DA:143,0
DA:147,0
DA:148,0
DA:152,0
DA:153,0
DA:157,0
DA:161,7
DA:163,7
DA:164,7
DA:165,7
DA:166,7
DA:167,7
DA:168,7
DA:169,7
DA:170,7
DA:172,7
DA:174,7
DA:175,7
DA:179,0
DA:180,0
DA:184,0
DA:185,0
DA:189,0
DA:190,0
DA:194,0
DA:195,0
DA:199,7
DA:212,13
DA:214,13
DA:215,12
DA:216,11
DA:217,10
DA:218,9
DA:219,8
DA:221,7
DA:222,7
DA:223,7
DA:224,7
DA:225,7
DA:226,7
DA:229,7
DA:230,7
DA:231,7
DA:232,0
DA:234,7
DA:236,7
DA:237,7
DA:238,6
DA:240,6
DA:256,0
DA:267,1
DA:268,1
DA:269,1
DA:270,1
DA:271,1
DA:272,1
DA:273,1
DA:287,5
DA:288,5
DA:289,5
DA:290,5
DA:291,5
DA:292,5
DA:293,5
DA:294,5
DA:295,5
DA:296,5
DA:300,6
DA:302,6
DA:303,6
DA:306,6
DA:307,7
DA:310,3
DA:314,6
DA:315,6
DA:316,6
DA:317,6
DA:318,3
DA:319,3
DA:320,3
DA:321,3
DA:322,3
DA:323,3
DA:324,3
DA:325,3
DA:327,3
DA:328,1
DA:331,6
DA:332,6
DA:333,2
DA:336,6
DA:340,11
DA:341,11
DA:342,11
DA:343,11
DA:344,11
DA:345,6
DA:346,0
DA:348,6
DA:349,6
DA:350,6
DA:351,6
DA:352,6
DA:353,6
DA:355,6
DA:357,4
DA:359,11
LF:154
LH:116
BRDA:72,1,0,6
BRDA:72,1,1,0
BRDA:73,2,0,6
BRDA:73,2,1,0
BRDA:92,3,0,5
BRDA:92,3,1,1
BRDA:93,4,0,5
BRDA:93,4,1,0
BRDA:94,5,0,4
BRDA:94,5,1,1
BRDA:95,6,0,3
BRDA:95,6,1,1
BRDA:96,7,0,2
BRDA:96,7,1,1
BRDA:97,8,0,1
BRDA:97,8,1,1
BRDA:130,9,0,0
BRDA:130,9,1,0
BRDA:135,10,0,0
BRDA:135,10,1,0
BRDA:140,11,0,0
BRDA:140,11,1,0
BRDA:145,12,0,0
BRDA:145,12,1,0
BRDA:172,13,0,7
BRDA:172,13,1,0
BRDA:177,14,0,0
BRDA:177,14,1,0
BRDA:182,15,0,0
BRDA:182,15,1,0
BRDA:187,16,0,0
BRDA:187,16,1,0
BRDA:214,17,0,12
BRDA:214,17,1,1
BRDA:215,18,0,11
BRDA:215,18,1,1
BRDA:216,19,0,10
BRDA:216,19,1,1
BRDA:217,20,0,9
BRDA:217,20,1,1
BRDA:218,21,0,8
BRDA:218,21,1,1
BRDA:219,22,0,7
BRDA:219,22,1,1
BRDA:231,23,0,0
BRDA:231,23,1,7
BRDA:237,24,0,6
BRDA:237,24,1,1
BRDA:300,25,0,6
BRDA:300,25,1,0
BRDA:307,26,0,3
BRDA:307,26,1,4
BRDA:319,27,0,3
BRDA:319,27,1,0
BRDA:327,28,0,1
BRDA:327,28,1,2
BRDA:331,29,0,6
BRDA:331,29,1,0
BRDA:332,30,0,2
BRDA:332,30,1,4
BRDA:344,31,0,6
BRDA:344,31,1,5
BRDA:345,32,0,0
BRDA:345,32,1,6
BRDA:352,33,0,6
BRDA:352,33,1,0
BRDA:356,34,0,4
BRDA:356,34,1,1
BRF:68
BRH:44
end_of_record
